[2023-04-29T19:20:03.680+0200] {processor.py:156} INFO - Started process (PID=11927) to work on /home/rohan/airflow/dags/my_first_dag.py
[2023-04-29T19:20:03.680+0200] {processor.py:758} INFO - Processing file /home/rohan/airflow/dags/my_first_dag.py for tasks to queue
[2023-04-29T19:20:03.681+0200] {logging_mixin.py:117} INFO - [2023-04-29T19:20:03.681+0200] {dagbag.py:525} INFO - Filling up the DagBag from /home/rohan/airflow/dags/my_first_dag.py
[2023-04-29T19:20:03.690+0200] {processor.py:768} INFO - DAG(s) dict_keys(['my_first_dag']) retrieved from /home/rohan/airflow/dags/my_first_dag.py
[2023-04-29T19:20:03.835+0200] {logging_mixin.py:117} INFO - [2023-04-29T19:20:03.835+0200] {manager.py:507} INFO - Created Permission View: can edit on DAG:my_first_dag
[2023-04-29T19:20:03.842+0200] {logging_mixin.py:117} INFO - [2023-04-29T19:20:03.841+0200] {manager.py:507} INFO - Created Permission View: can delete on DAG:my_first_dag
[2023-04-29T19:20:03.848+0200] {logging_mixin.py:117} INFO - [2023-04-29T19:20:03.848+0200] {manager.py:507} INFO - Created Permission View: can read on DAG:my_first_dag
[2023-04-29T19:20:03.848+0200] {logging_mixin.py:117} INFO - [2023-04-29T19:20:03.848+0200] {dag.py:2573} INFO - Sync 1 DAGs
[2023-04-29T19:20:03.853+0200] {logging_mixin.py:117} INFO - [2023-04-29T19:20:03.853+0200] {dag.py:2594} INFO - Creating ORM DAG for my_first_dag
[2023-04-29T19:20:03.858+0200] {logging_mixin.py:117} INFO - [2023-04-29T19:20:03.858+0200] {dag.py:3324} INFO - Setting next_dagrun for my_first_dag to None, run_after=None
[2023-04-29T19:20:03.872+0200] {processor.py:178} INFO - Processing /home/rohan/airflow/dags/my_first_dag.py took 0.194 seconds
[2023-04-29T19:20:44.252+0200] {processor.py:156} INFO - Started process (PID=11988) to work on /home/rohan/airflow/dags/my_first_dag.py
[2023-04-29T19:20:44.287+0200] {processor.py:758} INFO - Processing file /home/rohan/airflow/dags/my_first_dag.py for tasks to queue
[2023-04-29T19:20:44.288+0200] {logging_mixin.py:117} INFO - [2023-04-29T19:20:44.288+0200] {dagbag.py:525} INFO - Filling up the DagBag from /home/rohan/airflow/dags/my_first_dag.py
[2023-04-29T19:20:44.297+0200] {processor.py:768} INFO - DAG(s) dict_keys(['my_first_dag']) retrieved from /home/rohan/airflow/dags/my_first_dag.py
[2023-04-29T19:20:44.381+0200] {logging_mixin.py:117} INFO - [2023-04-29T19:20:44.381+0200] {dag.py:2573} INFO - Sync 1 DAGs
[2023-04-29T19:20:44.391+0200] {logging_mixin.py:117} INFO - [2023-04-29T19:20:44.391+0200] {dag.py:3324} INFO - Setting next_dagrun for my_first_dag to None, run_after=None
[2023-04-29T19:20:44.442+0200] {processor.py:178} INFO - Processing /home/rohan/airflow/dags/my_first_dag.py took 0.192 seconds
[2023-04-29T19:21:29.997+0200] {processor.py:156} INFO - Started process (PID=12219) to work on /home/rohan/airflow/dags/my_first_dag.py
[2023-04-29T19:21:29.999+0200] {processor.py:758} INFO - Processing file /home/rohan/airflow/dags/my_first_dag.py for tasks to queue
[2023-04-29T19:21:29.999+0200] {logging_mixin.py:117} INFO - [2023-04-29T19:21:29.999+0200] {dagbag.py:525} INFO - Filling up the DagBag from /home/rohan/airflow/dags/my_first_dag.py
[2023-04-29T19:21:30.011+0200] {processor.py:768} INFO - DAG(s) dict_keys(['my_first_dag']) retrieved from /home/rohan/airflow/dags/my_first_dag.py
[2023-04-29T19:21:30.106+0200] {logging_mixin.py:117} INFO - [2023-04-29T19:21:30.106+0200] {dag.py:2573} INFO - Sync 1 DAGs
[2023-04-29T19:21:30.116+0200] {logging_mixin.py:117} INFO - [2023-04-29T19:21:30.116+0200] {dag.py:3324} INFO - Setting next_dagrun for my_first_dag to None, run_after=None
[2023-04-29T19:21:30.166+0200] {processor.py:178} INFO - Processing /home/rohan/airflow/dags/my_first_dag.py took 0.171 seconds
[2023-04-29T19:22:18.805+0200] {processor.py:156} INFO - Started process (PID=12403) to work on /home/rohan/airflow/dags/my_first_dag.py
[2023-04-29T19:22:18.841+0200] {processor.py:758} INFO - Processing file /home/rohan/airflow/dags/my_first_dag.py for tasks to queue
[2023-04-29T19:22:18.842+0200] {logging_mixin.py:117} INFO - [2023-04-29T19:22:18.842+0200] {dagbag.py:525} INFO - Filling up the DagBag from /home/rohan/airflow/dags/my_first_dag.py
[2023-04-29T19:22:18.854+0200] {processor.py:768} INFO - DAG(s) dict_keys(['my_first_dag']) retrieved from /home/rohan/airflow/dags/my_first_dag.py
[2023-04-29T19:22:18.871+0200] {logging_mixin.py:117} INFO - [2023-04-29T19:22:18.871+0200] {dag.py:2573} INFO - Sync 1 DAGs
[2023-04-29T19:22:18.883+0200] {logging_mixin.py:117} INFO - [2023-04-29T19:22:18.883+0200] {dag.py:3324} INFO - Setting next_dagrun for my_first_dag to None, run_after=None
[2023-04-29T19:22:18.901+0200] {processor.py:178} INFO - Processing /home/rohan/airflow/dags/my_first_dag.py took 0.098 seconds
[2023-04-29T19:22:57.768+0200] {processor.py:156} INFO - Started process (PID=12465) to work on /home/rohan/airflow/dags/my_first_dag.py
[2023-04-29T19:22:57.769+0200] {processor.py:758} INFO - Processing file /home/rohan/airflow/dags/my_first_dag.py for tasks to queue
[2023-04-29T19:22:57.770+0200] {logging_mixin.py:117} INFO - [2023-04-29T19:22:57.770+0200] {dagbag.py:525} INFO - Filling up the DagBag from /home/rohan/airflow/dags/my_first_dag.py
[2023-04-29T19:22:57.779+0200] {processor.py:768} INFO - DAG(s) dict_keys(['my_first_dag']) retrieved from /home/rohan/airflow/dags/my_first_dag.py
[2023-04-29T19:22:57.794+0200] {logging_mixin.py:117} INFO - [2023-04-29T19:22:57.794+0200] {dag.py:2573} INFO - Sync 1 DAGs
[2023-04-29T19:22:57.806+0200] {logging_mixin.py:117} INFO - [2023-04-29T19:22:57.805+0200] {dag.py:3324} INFO - Setting next_dagrun for my_first_dag to None, run_after=None
[2023-04-29T19:22:57.924+0200] {processor.py:178} INFO - Processing /home/rohan/airflow/dags/my_first_dag.py took 0.157 seconds
[2023-04-29T19:23:39.959+0200] {processor.py:156} INFO - Started process (PID=12574) to work on /home/rohan/airflow/dags/my_first_dag.py
[2023-04-29T19:23:39.960+0200] {processor.py:758} INFO - Processing file /home/rohan/airflow/dags/my_first_dag.py for tasks to queue
[2023-04-29T19:23:39.961+0200] {logging_mixin.py:117} INFO - [2023-04-29T19:23:39.961+0200] {dagbag.py:525} INFO - Filling up the DagBag from /home/rohan/airflow/dags/my_first_dag.py
[2023-04-29T19:23:39.969+0200] {processor.py:768} INFO - DAG(s) dict_keys(['my_first_dag']) retrieved from /home/rohan/airflow/dags/my_first_dag.py
[2023-04-29T19:23:39.985+0200] {logging_mixin.py:117} INFO - [2023-04-29T19:23:39.985+0200] {dag.py:2573} INFO - Sync 1 DAGs
[2023-04-29T19:23:40.070+0200] {logging_mixin.py:117} INFO - [2023-04-29T19:23:40.069+0200] {dag.py:3324} INFO - Setting next_dagrun for my_first_dag to None, run_after=None
[2023-04-29T19:23:40.122+0200] {processor.py:178} INFO - Processing /home/rohan/airflow/dags/my_first_dag.py took 0.164 seconds
[2023-04-29T19:24:19.481+0200] {processor.py:156} INFO - Started process (PID=12612) to work on /home/rohan/airflow/dags/my_first_dag.py
[2023-04-29T19:24:19.484+0200] {processor.py:758} INFO - Processing file /home/rohan/airflow/dags/my_first_dag.py for tasks to queue
[2023-04-29T19:24:19.485+0200] {logging_mixin.py:117} INFO - [2023-04-29T19:24:19.485+0200] {dagbag.py:525} INFO - Filling up the DagBag from /home/rohan/airflow/dags/my_first_dag.py
[2023-04-29T19:24:19.499+0200] {processor.py:768} INFO - DAG(s) dict_keys(['my_first_dag']) retrieved from /home/rohan/airflow/dags/my_first_dag.py
[2023-04-29T19:24:19.521+0200] {logging_mixin.py:117} INFO - [2023-04-29T19:24:19.520+0200] {dag.py:2573} INFO - Sync 1 DAGs
[2023-04-29T19:24:19.601+0200] {logging_mixin.py:117} INFO - [2023-04-29T19:24:19.600+0200] {dag.py:3324} INFO - Setting next_dagrun for my_first_dag to None, run_after=None
[2023-04-29T19:24:19.616+0200] {processor.py:178} INFO - Processing /home/rohan/airflow/dags/my_first_dag.py took 0.138 seconds
[2023-04-29T19:24:57.688+0200] {processor.py:156} INFO - Started process (PID=12848) to work on /home/rohan/airflow/dags/my_first_dag.py
[2023-04-29T19:24:57.689+0200] {processor.py:758} INFO - Processing file /home/rohan/airflow/dags/my_first_dag.py for tasks to queue
[2023-04-29T19:24:57.690+0200] {logging_mixin.py:117} INFO - [2023-04-29T19:24:57.689+0200] {dagbag.py:525} INFO - Filling up the DagBag from /home/rohan/airflow/dags/my_first_dag.py
[2023-04-29T19:24:57.699+0200] {processor.py:768} INFO - DAG(s) dict_keys(['my_first_dag']) retrieved from /home/rohan/airflow/dags/my_first_dag.py
[2023-04-29T19:24:57.790+0200] {logging_mixin.py:117} INFO - [2023-04-29T19:24:57.790+0200] {dag.py:2573} INFO - Sync 1 DAGs
[2023-04-29T19:24:57.801+0200] {logging_mixin.py:117} INFO - [2023-04-29T19:24:57.801+0200] {dag.py:3324} INFO - Setting next_dagrun for my_first_dag to None, run_after=None
[2023-04-29T19:24:57.850+0200] {processor.py:178} INFO - Processing /home/rohan/airflow/dags/my_first_dag.py took 0.164 seconds
[2023-04-29T19:25:38.713+0200] {processor.py:156} INFO - Started process (PID=13079) to work on /home/rohan/airflow/dags/my_first_dag.py
[2023-04-29T19:25:38.749+0200] {processor.py:758} INFO - Processing file /home/rohan/airflow/dags/my_first_dag.py for tasks to queue
[2023-04-29T19:25:38.750+0200] {logging_mixin.py:117} INFO - [2023-04-29T19:25:38.749+0200] {dagbag.py:525} INFO - Filling up the DagBag from /home/rohan/airflow/dags/my_first_dag.py
[2023-04-29T19:25:38.759+0200] {processor.py:768} INFO - DAG(s) dict_keys(['my_first_dag']) retrieved from /home/rohan/airflow/dags/my_first_dag.py
[2023-04-29T19:25:38.841+0200] {logging_mixin.py:117} INFO - [2023-04-29T19:25:38.841+0200] {dag.py:2573} INFO - Sync 1 DAGs
[2023-04-29T19:25:38.851+0200] {logging_mixin.py:117} INFO - [2023-04-29T19:25:38.851+0200] {dag.py:3324} INFO - Setting next_dagrun for my_first_dag to None, run_after=None
[2023-04-29T19:25:38.864+0200] {processor.py:178} INFO - Processing /home/rohan/airflow/dags/my_first_dag.py took 0.152 seconds
[2023-04-29T19:26:17.075+0200] {processor.py:156} INFO - Started process (PID=13139) to work on /home/rohan/airflow/dags/my_first_dag.py
[2023-04-29T19:26:17.076+0200] {processor.py:758} INFO - Processing file /home/rohan/airflow/dags/my_first_dag.py for tasks to queue
[2023-04-29T19:26:17.077+0200] {logging_mixin.py:117} INFO - [2023-04-29T19:26:17.077+0200] {dagbag.py:525} INFO - Filling up the DagBag from /home/rohan/airflow/dags/my_first_dag.py
[2023-04-29T19:26:17.087+0200] {processor.py:768} INFO - DAG(s) dict_keys(['my_first_dag']) retrieved from /home/rohan/airflow/dags/my_first_dag.py
[2023-04-29T19:26:17.168+0200] {logging_mixin.py:117} INFO - [2023-04-29T19:26:17.168+0200] {dag.py:2573} INFO - Sync 1 DAGs
[2023-04-29T19:26:17.178+0200] {logging_mixin.py:117} INFO - [2023-04-29T19:26:17.178+0200] {dag.py:3324} INFO - Setting next_dagrun for my_first_dag to None, run_after=None
[2023-04-29T19:26:17.190+0200] {processor.py:178} INFO - Processing /home/rohan/airflow/dags/my_first_dag.py took 0.117 seconds
[2023-04-29T19:26:57.527+0200] {processor.py:156} INFO - Started process (PID=13390) to work on /home/rohan/airflow/dags/my_first_dag.py
[2023-04-29T19:26:57.563+0200] {processor.py:758} INFO - Processing file /home/rohan/airflow/dags/my_first_dag.py for tasks to queue
[2023-04-29T19:26:57.563+0200] {logging_mixin.py:117} INFO - [2023-04-29T19:26:57.563+0200] {dagbag.py:525} INFO - Filling up the DagBag from /home/rohan/airflow/dags/my_first_dag.py
[2023-04-29T19:26:57.574+0200] {processor.py:768} INFO - DAG(s) dict_keys(['my_first_dag']) retrieved from /home/rohan/airflow/dags/my_first_dag.py
[2023-04-29T19:26:57.591+0200] {logging_mixin.py:117} INFO - [2023-04-29T19:26:57.591+0200] {dag.py:2573} INFO - Sync 1 DAGs
[2023-04-29T19:26:57.604+0200] {logging_mixin.py:117} INFO - [2023-04-29T19:26:57.604+0200] {dag.py:3324} INFO - Setting next_dagrun for my_first_dag to None, run_after=None
[2023-04-29T19:26:57.620+0200] {processor.py:178} INFO - Processing /home/rohan/airflow/dags/my_first_dag.py took 0.095 seconds
[2023-04-29T19:27:39.241+0200] {processor.py:156} INFO - Started process (PID=13448) to work on /home/rohan/airflow/dags/my_first_dag.py
[2023-04-29T19:27:39.277+0200] {processor.py:758} INFO - Processing file /home/rohan/airflow/dags/my_first_dag.py for tasks to queue
[2023-04-29T19:27:39.278+0200] {logging_mixin.py:117} INFO - [2023-04-29T19:27:39.278+0200] {dagbag.py:525} INFO - Filling up the DagBag from /home/rohan/airflow/dags/my_first_dag.py
[2023-04-29T19:27:39.293+0200] {processor.py:768} INFO - DAG(s) dict_keys(['my_first_dag']) retrieved from /home/rohan/airflow/dags/my_first_dag.py
[2023-04-29T19:27:39.314+0200] {logging_mixin.py:117} INFO - [2023-04-29T19:27:39.313+0200] {dag.py:2573} INFO - Sync 1 DAGs
[2023-04-29T19:27:39.328+0200] {logging_mixin.py:117} INFO - [2023-04-29T19:27:39.328+0200] {dag.py:3324} INFO - Setting next_dagrun for my_first_dag to None, run_after=None
[2023-04-29T19:27:39.418+0200] {processor.py:178} INFO - Processing /home/rohan/airflow/dags/my_first_dag.py took 0.180 seconds
[2023-04-29T19:28:19.254+0200] {processor.py:156} INFO - Started process (PID=13866) to work on /home/rohan/airflow/dags/my_first_dag.py
[2023-04-29T19:28:19.290+0200] {processor.py:758} INFO - Processing file /home/rohan/airflow/dags/my_first_dag.py for tasks to queue
[2023-04-29T19:28:19.291+0200] {logging_mixin.py:117} INFO - [2023-04-29T19:28:19.291+0200] {dagbag.py:525} INFO - Filling up the DagBag from /home/rohan/airflow/dags/my_first_dag.py
[2023-04-29T19:28:19.301+0200] {processor.py:768} INFO - DAG(s) dict_keys(['my_first_dag']) retrieved from /home/rohan/airflow/dags/my_first_dag.py
[2023-04-29T19:28:19.319+0200] {logging_mixin.py:117} INFO - [2023-04-29T19:28:19.319+0200] {dag.py:2573} INFO - Sync 1 DAGs
[2023-04-29T19:28:19.411+0200] {logging_mixin.py:117} INFO - [2023-04-29T19:28:19.411+0200] {dag.py:3324} INFO - Setting next_dagrun for my_first_dag to None, run_after=None
[2023-04-29T19:28:19.461+0200] {processor.py:178} INFO - Processing /home/rohan/airflow/dags/my_first_dag.py took 0.209 seconds
[2023-04-29T19:29:01.544+0200] {processor.py:156} INFO - Started process (PID=14476) to work on /home/rohan/airflow/dags/my_first_dag.py
[2023-04-29T19:29:01.580+0200] {processor.py:758} INFO - Processing file /home/rohan/airflow/dags/my_first_dag.py for tasks to queue
[2023-04-29T19:29:01.581+0200] {logging_mixin.py:117} INFO - [2023-04-29T19:29:01.581+0200] {dagbag.py:525} INFO - Filling up the DagBag from /home/rohan/airflow/dags/my_first_dag.py
[2023-04-29T19:29:01.591+0200] {processor.py:768} INFO - DAG(s) dict_keys(['my_first_dag']) retrieved from /home/rohan/airflow/dags/my_first_dag.py
[2023-04-29T19:29:01.609+0200] {logging_mixin.py:117} INFO - [2023-04-29T19:29:01.608+0200] {dag.py:2573} INFO - Sync 1 DAGs
[2023-04-29T19:29:01.689+0200] {logging_mixin.py:117} INFO - [2023-04-29T19:29:01.689+0200] {dag.py:3324} INFO - Setting next_dagrun for my_first_dag to None, run_after=None
[2023-04-29T19:29:01.703+0200] {processor.py:178} INFO - Processing /home/rohan/airflow/dags/my_first_dag.py took 0.163 seconds
[2023-04-29T19:29:42.109+0200] {processor.py:156} INFO - Started process (PID=14560) to work on /home/rohan/airflow/dags/my_first_dag.py
[2023-04-29T19:29:42.110+0200] {processor.py:758} INFO - Processing file /home/rohan/airflow/dags/my_first_dag.py for tasks to queue
[2023-04-29T19:29:42.111+0200] {logging_mixin.py:117} INFO - [2023-04-29T19:29:42.111+0200] {dagbag.py:525} INFO - Filling up the DagBag from /home/rohan/airflow/dags/my_first_dag.py
[2023-04-29T19:29:42.122+0200] {processor.py:768} INFO - DAG(s) dict_keys(['my_first_dag']) retrieved from /home/rohan/airflow/dags/my_first_dag.py
[2023-04-29T19:29:42.137+0200] {logging_mixin.py:117} INFO - [2023-04-29T19:29:42.137+0200] {dag.py:2573} INFO - Sync 1 DAGs
[2023-04-29T19:29:42.216+0200] {logging_mixin.py:117} INFO - [2023-04-29T19:29:42.216+0200] {dag.py:3324} INFO - Setting next_dagrun for my_first_dag to None, run_after=None
[2023-04-29T19:29:42.264+0200] {processor.py:178} INFO - Processing /home/rohan/airflow/dags/my_first_dag.py took 0.156 seconds
[2023-04-29T19:30:23.017+0200] {processor.py:156} INFO - Started process (PID=14847) to work on /home/rohan/airflow/dags/my_first_dag.py
[2023-04-29T19:30:23.053+0200] {processor.py:758} INFO - Processing file /home/rohan/airflow/dags/my_first_dag.py for tasks to queue
[2023-04-29T19:30:23.054+0200] {logging_mixin.py:117} INFO - [2023-04-29T19:30:23.054+0200] {dagbag.py:525} INFO - Filling up the DagBag from /home/rohan/airflow/dags/my_first_dag.py
[2023-04-29T19:30:23.063+0200] {processor.py:768} INFO - DAG(s) dict_keys(['my_first_dag']) retrieved from /home/rohan/airflow/dags/my_first_dag.py
[2023-04-29T19:30:23.152+0200] {logging_mixin.py:117} INFO - [2023-04-29T19:30:23.152+0200] {dag.py:2573} INFO - Sync 1 DAGs
[2023-04-29T19:30:23.163+0200] {logging_mixin.py:117} INFO - [2023-04-29T19:30:23.162+0200] {dag.py:3324} INFO - Setting next_dagrun for my_first_dag to None, run_after=None
[2023-04-29T19:30:23.177+0200] {processor.py:178} INFO - Processing /home/rohan/airflow/dags/my_first_dag.py took 0.162 seconds
[2023-04-29T19:31:04.166+0200] {processor.py:156} INFO - Started process (PID=14905) to work on /home/rohan/airflow/dags/my_first_dag.py
[2023-04-29T19:31:04.202+0200] {processor.py:758} INFO - Processing file /home/rohan/airflow/dags/my_first_dag.py for tasks to queue
[2023-04-29T19:31:04.202+0200] {logging_mixin.py:117} INFO - [2023-04-29T19:31:04.202+0200] {dagbag.py:525} INFO - Filling up the DagBag from /home/rohan/airflow/dags/my_first_dag.py
[2023-04-29T19:31:04.213+0200] {processor.py:768} INFO - DAG(s) dict_keys(['my_first_dag']) retrieved from /home/rohan/airflow/dags/my_first_dag.py
[2023-04-29T19:31:04.298+0200] {logging_mixin.py:117} INFO - [2023-04-29T19:31:04.298+0200] {dag.py:2573} INFO - Sync 1 DAGs
[2023-04-29T19:31:04.307+0200] {logging_mixin.py:117} INFO - [2023-04-29T19:31:04.307+0200] {dag.py:3324} INFO - Setting next_dagrun for my_first_dag to None, run_after=None
[2023-04-29T19:31:04.360+0200] {processor.py:178} INFO - Processing /home/rohan/airflow/dags/my_first_dag.py took 0.196 seconds
[2023-04-29T19:31:45.895+0200] {processor.py:156} INFO - Started process (PID=14944) to work on /home/rohan/airflow/dags/my_first_dag.py
[2023-04-29T19:31:45.896+0200] {processor.py:758} INFO - Processing file /home/rohan/airflow/dags/my_first_dag.py for tasks to queue
[2023-04-29T19:31:45.897+0200] {logging_mixin.py:117} INFO - [2023-04-29T19:31:45.896+0200] {dagbag.py:525} INFO - Filling up the DagBag from /home/rohan/airflow/dags/my_first_dag.py
[2023-04-29T19:31:45.997+0200] {processor.py:768} INFO - DAG(s) dict_keys(['my_first_dag']) retrieved from /home/rohan/airflow/dags/my_first_dag.py
[2023-04-29T19:31:46.010+0200] {logging_mixin.py:117} INFO - [2023-04-29T19:31:46.010+0200] {dag.py:2573} INFO - Sync 1 DAGs
[2023-04-29T19:31:46.022+0200] {logging_mixin.py:117} INFO - [2023-04-29T19:31:46.022+0200] {dag.py:3324} INFO - Setting next_dagrun for my_first_dag to None, run_after=None
[2023-04-29T19:31:46.071+0200] {processor.py:178} INFO - Processing /home/rohan/airflow/dags/my_first_dag.py took 0.178 seconds
[2023-04-29T19:32:25.324+0200] {processor.py:156} INFO - Started process (PID=15179) to work on /home/rohan/airflow/dags/my_first_dag.py
[2023-04-29T19:32:25.361+0200] {processor.py:758} INFO - Processing file /home/rohan/airflow/dags/my_first_dag.py for tasks to queue
[2023-04-29T19:32:25.361+0200] {logging_mixin.py:117} INFO - [2023-04-29T19:32:25.361+0200] {dagbag.py:525} INFO - Filling up the DagBag from /home/rohan/airflow/dags/my_first_dag.py
[2023-04-29T19:32:25.371+0200] {processor.py:768} INFO - DAG(s) dict_keys(['my_first_dag']) retrieved from /home/rohan/airflow/dags/my_first_dag.py
[2023-04-29T19:32:25.386+0200] {logging_mixin.py:117} INFO - [2023-04-29T19:32:25.386+0200] {dag.py:2573} INFO - Sync 1 DAGs
[2023-04-29T19:32:25.398+0200] {logging_mixin.py:117} INFO - [2023-04-29T19:32:25.398+0200] {dag.py:3324} INFO - Setting next_dagrun for my_first_dag to None, run_after=None
[2023-04-29T19:32:25.521+0200] {processor.py:178} INFO - Processing /home/rohan/airflow/dags/my_first_dag.py took 0.199 seconds
[2023-04-29T19:33:06.929+0200] {processor.py:156} INFO - Started process (PID=15441) to work on /home/rohan/airflow/dags/my_first_dag.py
[2023-04-29T19:33:06.964+0200] {processor.py:758} INFO - Processing file /home/rohan/airflow/dags/my_first_dag.py for tasks to queue
[2023-04-29T19:33:06.965+0200] {logging_mixin.py:117} INFO - [2023-04-29T19:33:06.965+0200] {dagbag.py:525} INFO - Filling up the DagBag from /home/rohan/airflow/dags/my_first_dag.py
[2023-04-29T19:33:06.974+0200] {processor.py:768} INFO - DAG(s) dict_keys(['my_first_dag']) retrieved from /home/rohan/airflow/dags/my_first_dag.py
[2023-04-29T19:33:06.993+0200] {logging_mixin.py:117} INFO - [2023-04-29T19:33:06.992+0200] {dag.py:2573} INFO - Sync 1 DAGs
[2023-04-29T19:33:07.087+0200] {logging_mixin.py:117} INFO - [2023-04-29T19:33:07.087+0200] {dag.py:3324} INFO - Setting next_dagrun for my_first_dag to None, run_after=None
[2023-04-29T19:33:07.136+0200] {processor.py:178} INFO - Processing /home/rohan/airflow/dags/my_first_dag.py took 0.210 seconds
[2023-04-29T19:33:49.607+0200] {processor.py:156} INFO - Started process (PID=15535) to work on /home/rohan/airflow/dags/my_first_dag.py
[2023-04-29T19:33:49.642+0200] {processor.py:758} INFO - Processing file /home/rohan/airflow/dags/my_first_dag.py for tasks to queue
[2023-04-29T19:33:49.643+0200] {logging_mixin.py:117} INFO - [2023-04-29T19:33:49.643+0200] {dagbag.py:525} INFO - Filling up the DagBag from /home/rohan/airflow/dags/my_first_dag.py
[2023-04-29T19:33:49.662+0200] {processor.py:768} INFO - DAG(s) dict_keys(['my_first_dag']) retrieved from /home/rohan/airflow/dags/my_first_dag.py
[2023-04-29T19:33:49.682+0200] {logging_mixin.py:117} INFO - [2023-04-29T19:33:49.682+0200] {dag.py:2573} INFO - Sync 1 DAGs
[2023-04-29T19:33:49.770+0200] {logging_mixin.py:117} INFO - [2023-04-29T19:33:49.770+0200] {dag.py:3324} INFO - Setting next_dagrun for my_first_dag to None, run_after=None
[2023-04-29T19:33:49.821+0200] {processor.py:178} INFO - Processing /home/rohan/airflow/dags/my_first_dag.py took 0.217 seconds
[2023-04-29T19:34:33.213+0200] {processor.py:156} INFO - Started process (PID=15644) to work on /home/rohan/airflow/dags/my_first_dag.py
[2023-04-29T19:34:33.249+0200] {processor.py:758} INFO - Processing file /home/rohan/airflow/dags/my_first_dag.py for tasks to queue
[2023-04-29T19:34:33.249+0200] {logging_mixin.py:117} INFO - [2023-04-29T19:34:33.249+0200] {dagbag.py:525} INFO - Filling up the DagBag from /home/rohan/airflow/dags/my_first_dag.py
[2023-04-29T19:34:33.260+0200] {processor.py:768} INFO - DAG(s) dict_keys(['my_first_dag']) retrieved from /home/rohan/airflow/dags/my_first_dag.py
[2023-04-29T19:34:33.276+0200] {logging_mixin.py:117} INFO - [2023-04-29T19:34:33.276+0200] {dag.py:2573} INFO - Sync 1 DAGs
[2023-04-29T19:34:33.357+0200] {logging_mixin.py:117} INFO - [2023-04-29T19:34:33.357+0200] {dag.py:3324} INFO - Setting next_dagrun for my_first_dag to None, run_after=None
[2023-04-29T19:34:33.409+0200] {processor.py:178} INFO - Processing /home/rohan/airflow/dags/my_first_dag.py took 0.198 seconds
[2023-04-29T19:35:14.343+0200] {processor.py:156} INFO - Started process (PID=15682) to work on /home/rohan/airflow/dags/my_first_dag.py
[2023-04-29T19:35:14.379+0200] {processor.py:758} INFO - Processing file /home/rohan/airflow/dags/my_first_dag.py for tasks to queue
[2023-04-29T19:35:14.380+0200] {logging_mixin.py:117} INFO - [2023-04-29T19:35:14.379+0200] {dagbag.py:525} INFO - Filling up the DagBag from /home/rohan/airflow/dags/my_first_dag.py
[2023-04-29T19:35:14.390+0200] {processor.py:768} INFO - DAG(s) dict_keys(['my_first_dag']) retrieved from /home/rohan/airflow/dags/my_first_dag.py
[2023-04-29T19:35:14.475+0200] {logging_mixin.py:117} INFO - [2023-04-29T19:35:14.475+0200] {dag.py:2573} INFO - Sync 1 DAGs
[2023-04-29T19:35:14.486+0200] {logging_mixin.py:117} INFO - [2023-04-29T19:35:14.486+0200] {dag.py:3324} INFO - Setting next_dagrun for my_first_dag to None, run_after=None
[2023-04-29T19:35:14.536+0200] {processor.py:178} INFO - Processing /home/rohan/airflow/dags/my_first_dag.py took 0.195 seconds
[2023-04-29T19:35:53.927+0200] {processor.py:156} INFO - Started process (PID=15719) to work on /home/rohan/airflow/dags/my_first_dag.py
[2023-04-29T19:35:53.963+0200] {processor.py:758} INFO - Processing file /home/rohan/airflow/dags/my_first_dag.py for tasks to queue
[2023-04-29T19:35:53.963+0200] {logging_mixin.py:117} INFO - [2023-04-29T19:35:53.963+0200] {dagbag.py:525} INFO - Filling up the DagBag from /home/rohan/airflow/dags/my_first_dag.py
[2023-04-29T19:35:53.973+0200] {processor.py:768} INFO - DAG(s) dict_keys(['my_first_dag']) retrieved from /home/rohan/airflow/dags/my_first_dag.py
[2023-04-29T19:35:54.063+0200] {logging_mixin.py:117} INFO - [2023-04-29T19:35:54.063+0200] {dag.py:2573} INFO - Sync 1 DAGs
[2023-04-29T19:35:54.074+0200] {logging_mixin.py:117} INFO - [2023-04-29T19:35:54.074+0200] {dag.py:3324} INFO - Setting next_dagrun for my_first_dag to None, run_after=None
[2023-04-29T19:35:54.124+0200] {processor.py:178} INFO - Processing /home/rohan/airflow/dags/my_first_dag.py took 0.198 seconds
[2023-04-29T19:36:38.990+0200] {processor.py:156} INFO - Started process (PID=15756) to work on /home/rohan/airflow/dags/my_first_dag.py
[2023-04-29T19:36:39.026+0200] {processor.py:758} INFO - Processing file /home/rohan/airflow/dags/my_first_dag.py for tasks to queue
[2023-04-29T19:36:39.027+0200] {logging_mixin.py:117} INFO - [2023-04-29T19:36:39.026+0200] {dagbag.py:525} INFO - Filling up the DagBag from /home/rohan/airflow/dags/my_first_dag.py
[2023-04-29T19:36:39.112+0200] {processor.py:768} INFO - DAG(s) dict_keys(['my_first_dag']) retrieved from /home/rohan/airflow/dags/my_first_dag.py
[2023-04-29T19:36:39.126+0200] {logging_mixin.py:117} INFO - [2023-04-29T19:36:39.126+0200] {dag.py:2573} INFO - Sync 1 DAGs
[2023-04-29T19:36:39.138+0200] {logging_mixin.py:117} INFO - [2023-04-29T19:36:39.138+0200] {dag.py:3324} INFO - Setting next_dagrun for my_first_dag to None, run_after=None
[2023-04-29T19:36:39.153+0200] {processor.py:178} INFO - Processing /home/rohan/airflow/dags/my_first_dag.py took 0.166 seconds
[2023-04-29T19:37:20.837+0200] {processor.py:156} INFO - Started process (PID=15793) to work on /home/rohan/airflow/dags/my_first_dag.py
[2023-04-29T19:37:20.873+0200] {processor.py:758} INFO - Processing file /home/rohan/airflow/dags/my_first_dag.py for tasks to queue
[2023-04-29T19:37:20.874+0200] {logging_mixin.py:117} INFO - [2023-04-29T19:37:20.874+0200] {dagbag.py:525} INFO - Filling up the DagBag from /home/rohan/airflow/dags/my_first_dag.py
[2023-04-29T19:37:20.959+0200] {processor.py:768} INFO - DAG(s) dict_keys(['my_first_dag']) retrieved from /home/rohan/airflow/dags/my_first_dag.py
[2023-04-29T19:37:20.971+0200] {logging_mixin.py:117} INFO - [2023-04-29T19:37:20.971+0200] {dag.py:2573} INFO - Sync 1 DAGs
[2023-04-29T19:37:20.983+0200] {logging_mixin.py:117} INFO - [2023-04-29T19:37:20.983+0200] {dag.py:3324} INFO - Setting next_dagrun for my_first_dag to None, run_after=None
[2023-04-29T19:37:21.032+0200] {processor.py:178} INFO - Processing /home/rohan/airflow/dags/my_first_dag.py took 0.196 seconds
[2023-04-29T19:38:03.521+0200] {processor.py:156} INFO - Started process (PID=15830) to work on /home/rohan/airflow/dags/my_first_dag.py
[2023-04-29T19:38:03.556+0200] {processor.py:758} INFO - Processing file /home/rohan/airflow/dags/my_first_dag.py for tasks to queue
[2023-04-29T19:38:03.557+0200] {logging_mixin.py:117} INFO - [2023-04-29T19:38:03.557+0200] {dagbag.py:525} INFO - Filling up the DagBag from /home/rohan/airflow/dags/my_first_dag.py
[2023-04-29T19:38:03.567+0200] {processor.py:768} INFO - DAG(s) dict_keys(['my_first_dag']) retrieved from /home/rohan/airflow/dags/my_first_dag.py
[2023-04-29T19:38:03.583+0200] {logging_mixin.py:117} INFO - [2023-04-29T19:38:03.583+0200] {dag.py:2573} INFO - Sync 1 DAGs
[2023-04-29T19:38:03.597+0200] {logging_mixin.py:117} INFO - [2023-04-29T19:38:03.597+0200] {dag.py:3324} INFO - Setting next_dagrun for my_first_dag to None, run_after=None
[2023-04-29T19:38:03.689+0200] {processor.py:178} INFO - Processing /home/rohan/airflow/dags/my_first_dag.py took 0.170 seconds
[2023-04-29T19:38:47.369+0200] {processor.py:156} INFO - Started process (PID=15867) to work on /home/rohan/airflow/dags/my_first_dag.py
[2023-04-29T19:38:47.377+0200] {processor.py:758} INFO - Processing file /home/rohan/airflow/dags/my_first_dag.py for tasks to queue
[2023-04-29T19:38:47.377+0200] {logging_mixin.py:117} INFO - [2023-04-29T19:38:47.377+0200] {dagbag.py:525} INFO - Filling up the DagBag from /home/rohan/airflow/dags/my_first_dag.py
[2023-04-29T19:38:47.392+0200] {processor.py:768} INFO - DAG(s) dict_keys(['my_first_dag']) retrieved from /home/rohan/airflow/dags/my_first_dag.py
[2023-04-29T19:38:47.414+0200] {logging_mixin.py:117} INFO - [2023-04-29T19:38:47.414+0200] {dag.py:2573} INFO - Sync 1 DAGs
[2023-04-29T19:38:47.509+0200] {logging_mixin.py:117} INFO - [2023-04-29T19:38:47.509+0200] {dag.py:3324} INFO - Setting next_dagrun for my_first_dag to None, run_after=None
[2023-04-29T19:38:47.529+0200] {processor.py:178} INFO - Processing /home/rohan/airflow/dags/my_first_dag.py took 0.163 seconds
[2023-04-29T19:39:27.356+0200] {processor.py:156} INFO - Started process (PID=15904) to work on /home/rohan/airflow/dags/my_first_dag.py
[2023-04-29T19:39:27.392+0200] {processor.py:758} INFO - Processing file /home/rohan/airflow/dags/my_first_dag.py for tasks to queue
[2023-04-29T19:39:27.393+0200] {logging_mixin.py:117} INFO - [2023-04-29T19:39:27.393+0200] {dagbag.py:525} INFO - Filling up the DagBag from /home/rohan/airflow/dags/my_first_dag.py
[2023-04-29T19:39:27.403+0200] {processor.py:768} INFO - DAG(s) dict_keys(['my_first_dag']) retrieved from /home/rohan/airflow/dags/my_first_dag.py
[2023-04-29T19:39:27.420+0200] {logging_mixin.py:117} INFO - [2023-04-29T19:39:27.420+0200] {dag.py:2573} INFO - Sync 1 DAGs
[2023-04-29T19:39:27.505+0200] {logging_mixin.py:117} INFO - [2023-04-29T19:39:27.505+0200] {dag.py:3324} INFO - Setting next_dagrun for my_first_dag to None, run_after=None
[2023-04-29T19:39:27.554+0200] {processor.py:178} INFO - Processing /home/rohan/airflow/dags/my_first_dag.py took 0.200 seconds
[2023-04-29T19:40:09.698+0200] {processor.py:156} INFO - Started process (PID=15941) to work on /home/rohan/airflow/dags/my_first_dag.py
[2023-04-29T19:40:09.699+0200] {processor.py:758} INFO - Processing file /home/rohan/airflow/dags/my_first_dag.py for tasks to queue
[2023-04-29T19:40:09.699+0200] {logging_mixin.py:117} INFO - [2023-04-29T19:40:09.699+0200] {dagbag.py:525} INFO - Filling up the DagBag from /home/rohan/airflow/dags/my_first_dag.py
[2023-04-29T19:40:09.709+0200] {processor.py:768} INFO - DAG(s) dict_keys(['my_first_dag']) retrieved from /home/rohan/airflow/dags/my_first_dag.py
[2023-04-29T19:40:09.796+0200] {logging_mixin.py:117} INFO - [2023-04-29T19:40:09.796+0200] {dag.py:2573} INFO - Sync 1 DAGs
[2023-04-29T19:40:09.807+0200] {logging_mixin.py:117} INFO - [2023-04-29T19:40:09.806+0200] {dag.py:3324} INFO - Setting next_dagrun for my_first_dag to None, run_after=None
[2023-04-29T19:40:09.857+0200] {processor.py:178} INFO - Processing /home/rohan/airflow/dags/my_first_dag.py took 0.161 seconds
[2023-04-29T19:40:50.694+0200] {processor.py:156} INFO - Started process (PID=15978) to work on /home/rohan/airflow/dags/my_first_dag.py
[2023-04-29T19:40:50.730+0200] {processor.py:758} INFO - Processing file /home/rohan/airflow/dags/my_first_dag.py for tasks to queue
[2023-04-29T19:40:50.730+0200] {logging_mixin.py:117} INFO - [2023-04-29T19:40:50.730+0200] {dagbag.py:525} INFO - Filling up the DagBag from /home/rohan/airflow/dags/my_first_dag.py
[2023-04-29T19:40:50.739+0200] {processor.py:768} INFO - DAG(s) dict_keys(['my_first_dag']) retrieved from /home/rohan/airflow/dags/my_first_dag.py
[2023-04-29T19:40:50.828+0200] {logging_mixin.py:117} INFO - [2023-04-29T19:40:50.827+0200] {dag.py:2573} INFO - Sync 1 DAGs
[2023-04-29T19:40:50.839+0200] {logging_mixin.py:117} INFO - [2023-04-29T19:40:50.839+0200] {dag.py:3324} INFO - Setting next_dagrun for my_first_dag to None, run_after=None
[2023-04-29T19:40:50.888+0200] {processor.py:178} INFO - Processing /home/rohan/airflow/dags/my_first_dag.py took 0.195 seconds
[2023-04-29T19:41:33.952+0200] {processor.py:156} INFO - Started process (PID=16015) to work on /home/rohan/airflow/dags/my_first_dag.py
[2023-04-29T19:41:33.988+0200] {processor.py:758} INFO - Processing file /home/rohan/airflow/dags/my_first_dag.py for tasks to queue
[2023-04-29T19:41:33.989+0200] {logging_mixin.py:117} INFO - [2023-04-29T19:41:33.989+0200] {dagbag.py:525} INFO - Filling up the DagBag from /home/rohan/airflow/dags/my_first_dag.py
[2023-04-29T19:41:33.999+0200] {processor.py:768} INFO - DAG(s) dict_keys(['my_first_dag']) retrieved from /home/rohan/airflow/dags/my_first_dag.py
[2023-04-29T19:41:34.087+0200] {logging_mixin.py:117} INFO - [2023-04-29T19:41:34.086+0200] {dag.py:2573} INFO - Sync 1 DAGs
[2023-04-29T19:41:34.098+0200] {logging_mixin.py:117} INFO - [2023-04-29T19:41:34.098+0200] {dag.py:3324} INFO - Setting next_dagrun for my_first_dag to None, run_after=None
[2023-04-29T19:41:34.145+0200] {processor.py:178} INFO - Processing /home/rohan/airflow/dags/my_first_dag.py took 0.195 seconds
[2023-04-29T19:42:13.656+0200] {processor.py:156} INFO - Started process (PID=16052) to work on /home/rohan/airflow/dags/my_first_dag.py
[2023-04-29T19:42:13.692+0200] {processor.py:758} INFO - Processing file /home/rohan/airflow/dags/my_first_dag.py for tasks to queue
[2023-04-29T19:42:13.692+0200] {logging_mixin.py:117} INFO - [2023-04-29T19:42:13.692+0200] {dagbag.py:525} INFO - Filling up the DagBag from /home/rohan/airflow/dags/my_first_dag.py
[2023-04-29T19:42:13.776+0200] {processor.py:768} INFO - DAG(s) dict_keys(['my_first_dag']) retrieved from /home/rohan/airflow/dags/my_first_dag.py
[2023-04-29T19:42:13.790+0200] {logging_mixin.py:117} INFO - [2023-04-29T19:42:13.790+0200] {dag.py:2573} INFO - Sync 1 DAGs
[2023-04-29T19:42:13.802+0200] {logging_mixin.py:117} INFO - [2023-04-29T19:42:13.802+0200] {dag.py:3324} INFO - Setting next_dagrun for my_first_dag to None, run_after=None
[2023-04-29T19:42:13.853+0200] {processor.py:178} INFO - Processing /home/rohan/airflow/dags/my_first_dag.py took 0.199 seconds
[2023-04-29T19:42:55.283+0200] {processor.py:156} INFO - Started process (PID=16089) to work on /home/rohan/airflow/dags/my_first_dag.py
[2023-04-29T19:42:55.318+0200] {processor.py:758} INFO - Processing file /home/rohan/airflow/dags/my_first_dag.py for tasks to queue
[2023-04-29T19:42:55.319+0200] {logging_mixin.py:117} INFO - [2023-04-29T19:42:55.319+0200] {dagbag.py:525} INFO - Filling up the DagBag from /home/rohan/airflow/dags/my_first_dag.py
[2023-04-29T19:42:55.327+0200] {processor.py:768} INFO - DAG(s) dict_keys(['my_first_dag']) retrieved from /home/rohan/airflow/dags/my_first_dag.py
[2023-04-29T19:42:55.338+0200] {logging_mixin.py:117} INFO - [2023-04-29T19:42:55.338+0200] {dag.py:2573} INFO - Sync 1 DAGs
[2023-04-29T19:42:55.349+0200] {logging_mixin.py:117} INFO - [2023-04-29T19:42:55.348+0200] {dag.py:3324} INFO - Setting next_dagrun for my_first_dag to None, run_after=None
[2023-04-29T19:42:55.362+0200] {processor.py:178} INFO - Processing /home/rohan/airflow/dags/my_first_dag.py took 0.160 seconds
[2023-04-29T19:43:32.914+0200] {processor.py:156} INFO - Started process (PID=16126) to work on /home/rohan/airflow/dags/my_first_dag.py
[2023-04-29T19:43:32.949+0200] {processor.py:758} INFO - Processing file /home/rohan/airflow/dags/my_first_dag.py for tasks to queue
[2023-04-29T19:43:32.950+0200] {logging_mixin.py:117} INFO - [2023-04-29T19:43:32.950+0200] {dagbag.py:525} INFO - Filling up the DagBag from /home/rohan/airflow/dags/my_first_dag.py
[2023-04-29T19:43:32.960+0200] {processor.py:768} INFO - DAG(s) dict_keys(['my_first_dag']) retrieved from /home/rohan/airflow/dags/my_first_dag.py
[2023-04-29T19:43:32.976+0200] {logging_mixin.py:117} INFO - [2023-04-29T19:43:32.976+0200] {dag.py:2573} INFO - Sync 1 DAGs
[2023-04-29T19:43:32.989+0200] {logging_mixin.py:117} INFO - [2023-04-29T19:43:32.989+0200] {dag.py:3324} INFO - Setting next_dagrun for my_first_dag to None, run_after=None
[2023-04-29T19:43:33.005+0200] {processor.py:178} INFO - Processing /home/rohan/airflow/dags/my_first_dag.py took 0.093 seconds
[2023-04-29T19:44:09.013+0200] {processor.py:156} INFO - Started process (PID=16163) to work on /home/rohan/airflow/dags/my_first_dag.py
[2023-04-29T19:44:09.049+0200] {processor.py:758} INFO - Processing file /home/rohan/airflow/dags/my_first_dag.py for tasks to queue
[2023-04-29T19:44:09.050+0200] {logging_mixin.py:117} INFO - [2023-04-29T19:44:09.050+0200] {dagbag.py:525} INFO - Filling up the DagBag from /home/rohan/airflow/dags/my_first_dag.py
[2023-04-29T19:44:09.059+0200] {processor.py:768} INFO - DAG(s) dict_keys(['my_first_dag']) retrieved from /home/rohan/airflow/dags/my_first_dag.py
[2023-04-29T19:44:09.076+0200] {logging_mixin.py:117} INFO - [2023-04-29T19:44:09.076+0200] {dag.py:2573} INFO - Sync 1 DAGs
[2023-04-29T19:44:09.090+0200] {logging_mixin.py:117} INFO - [2023-04-29T19:44:09.089+0200] {dag.py:3324} INFO - Setting next_dagrun for my_first_dag to None, run_after=None
[2023-04-29T19:44:09.107+0200] {processor.py:178} INFO - Processing /home/rohan/airflow/dags/my_first_dag.py took 0.096 seconds
[2023-04-29T19:44:46.397+0200] {processor.py:156} INFO - Started process (PID=16200) to work on /home/rohan/airflow/dags/my_first_dag.py
[2023-04-29T19:44:46.398+0200] {processor.py:758} INFO - Processing file /home/rohan/airflow/dags/my_first_dag.py for tasks to queue
[2023-04-29T19:44:46.398+0200] {logging_mixin.py:117} INFO - [2023-04-29T19:44:46.398+0200] {dagbag.py:525} INFO - Filling up the DagBag from /home/rohan/airflow/dags/my_first_dag.py
[2023-04-29T19:44:46.409+0200] {processor.py:768} INFO - DAG(s) dict_keys(['my_first_dag']) retrieved from /home/rohan/airflow/dags/my_first_dag.py
[2023-04-29T19:44:46.425+0200] {logging_mixin.py:117} INFO - [2023-04-29T19:44:46.425+0200] {dag.py:2573} INFO - Sync 1 DAGs
[2023-04-29T19:44:46.437+0200] {logging_mixin.py:117} INFO - [2023-04-29T19:44:46.436+0200] {dag.py:3324} INFO - Setting next_dagrun for my_first_dag to None, run_after=None
[2023-04-29T19:44:46.452+0200] {processor.py:178} INFO - Processing /home/rohan/airflow/dags/my_first_dag.py took 0.058 seconds
[2023-04-29T19:45:23.224+0200] {processor.py:156} INFO - Started process (PID=16237) to work on /home/rohan/airflow/dags/my_first_dag.py
[2023-04-29T19:45:23.260+0200] {processor.py:758} INFO - Processing file /home/rohan/airflow/dags/my_first_dag.py for tasks to queue
[2023-04-29T19:45:23.260+0200] {logging_mixin.py:117} INFO - [2023-04-29T19:45:23.260+0200] {dagbag.py:525} INFO - Filling up the DagBag from /home/rohan/airflow/dags/my_first_dag.py
[2023-04-29T19:45:23.270+0200] {processor.py:768} INFO - DAG(s) dict_keys(['my_first_dag']) retrieved from /home/rohan/airflow/dags/my_first_dag.py
[2023-04-29T19:45:23.287+0200] {logging_mixin.py:117} INFO - [2023-04-29T19:45:23.287+0200] {dag.py:2573} INFO - Sync 1 DAGs
[2023-04-29T19:45:23.299+0200] {logging_mixin.py:117} INFO - [2023-04-29T19:45:23.299+0200] {dag.py:3324} INFO - Setting next_dagrun for my_first_dag to None, run_after=None
[2023-04-29T19:45:23.314+0200] {processor.py:178} INFO - Processing /home/rohan/airflow/dags/my_first_dag.py took 0.092 seconds
[2023-04-29T19:45:59.085+0200] {processor.py:156} INFO - Started process (PID=16274) to work on /home/rohan/airflow/dags/my_first_dag.py
[2023-04-29T19:45:59.121+0200] {processor.py:758} INFO - Processing file /home/rohan/airflow/dags/my_first_dag.py for tasks to queue
[2023-04-29T19:45:59.122+0200] {logging_mixin.py:117} INFO - [2023-04-29T19:45:59.121+0200] {dagbag.py:525} INFO - Filling up the DagBag from /home/rohan/airflow/dags/my_first_dag.py
[2023-04-29T19:45:59.133+0200] {processor.py:768} INFO - DAG(s) dict_keys(['my_first_dag']) retrieved from /home/rohan/airflow/dags/my_first_dag.py
[2023-04-29T19:45:59.148+0200] {logging_mixin.py:117} INFO - [2023-04-29T19:45:59.148+0200] {dag.py:2573} INFO - Sync 1 DAGs
[2023-04-29T19:45:59.161+0200] {logging_mixin.py:117} INFO - [2023-04-29T19:45:59.160+0200] {dag.py:3324} INFO - Setting next_dagrun for my_first_dag to None, run_after=None
[2023-04-29T19:45:59.178+0200] {processor.py:178} INFO - Processing /home/rohan/airflow/dags/my_first_dag.py took 0.095 seconds
[2023-04-29T19:46:36.426+0200] {processor.py:156} INFO - Started process (PID=16311) to work on /home/rohan/airflow/dags/my_first_dag.py
[2023-04-29T19:46:36.462+0200] {processor.py:758} INFO - Processing file /home/rohan/airflow/dags/my_first_dag.py for tasks to queue
[2023-04-29T19:46:36.463+0200] {logging_mixin.py:117} INFO - [2023-04-29T19:46:36.462+0200] {dagbag.py:525} INFO - Filling up the DagBag from /home/rohan/airflow/dags/my_first_dag.py
[2023-04-29T19:46:36.473+0200] {processor.py:768} INFO - DAG(s) dict_keys(['my_first_dag']) retrieved from /home/rohan/airflow/dags/my_first_dag.py
[2023-04-29T19:46:36.490+0200] {logging_mixin.py:117} INFO - [2023-04-29T19:46:36.490+0200] {dag.py:2573} INFO - Sync 1 DAGs
[2023-04-29T19:46:36.502+0200] {logging_mixin.py:117} INFO - [2023-04-29T19:46:36.502+0200] {dag.py:3324} INFO - Setting next_dagrun for my_first_dag to None, run_after=None
[2023-04-29T19:46:36.519+0200] {processor.py:178} INFO - Processing /home/rohan/airflow/dags/my_first_dag.py took 0.095 seconds
[2023-04-29T19:47:11.692+0200] {processor.py:156} INFO - Started process (PID=16348) to work on /home/rohan/airflow/dags/my_first_dag.py
[2023-04-29T19:47:11.728+0200] {processor.py:758} INFO - Processing file /home/rohan/airflow/dags/my_first_dag.py for tasks to queue
[2023-04-29T19:47:11.729+0200] {logging_mixin.py:117} INFO - [2023-04-29T19:47:11.728+0200] {dagbag.py:525} INFO - Filling up the DagBag from /home/rohan/airflow/dags/my_first_dag.py
[2023-04-29T19:47:11.739+0200] {processor.py:768} INFO - DAG(s) dict_keys(['my_first_dag']) retrieved from /home/rohan/airflow/dags/my_first_dag.py
[2023-04-29T19:47:11.755+0200] {logging_mixin.py:117} INFO - [2023-04-29T19:47:11.754+0200] {dag.py:2573} INFO - Sync 1 DAGs
[2023-04-29T19:47:11.769+0200] {logging_mixin.py:117} INFO - [2023-04-29T19:47:11.769+0200] {dag.py:3324} INFO - Setting next_dagrun for my_first_dag to None, run_after=None
[2023-04-29T19:47:11.787+0200] {processor.py:178} INFO - Processing /home/rohan/airflow/dags/my_first_dag.py took 0.097 seconds
[2023-04-29T19:47:48.125+0200] {processor.py:156} INFO - Started process (PID=16385) to work on /home/rohan/airflow/dags/my_first_dag.py
[2023-04-29T19:47:48.161+0200] {processor.py:758} INFO - Processing file /home/rohan/airflow/dags/my_first_dag.py for tasks to queue
[2023-04-29T19:47:48.162+0200] {logging_mixin.py:117} INFO - [2023-04-29T19:47:48.162+0200] {dagbag.py:525} INFO - Filling up the DagBag from /home/rohan/airflow/dags/my_first_dag.py
[2023-04-29T19:47:48.171+0200] {processor.py:768} INFO - DAG(s) dict_keys(['my_first_dag']) retrieved from /home/rohan/airflow/dags/my_first_dag.py
[2023-04-29T19:47:48.188+0200] {logging_mixin.py:117} INFO - [2023-04-29T19:47:48.188+0200] {dag.py:2573} INFO - Sync 1 DAGs
[2023-04-29T19:47:48.202+0200] {logging_mixin.py:117} INFO - [2023-04-29T19:47:48.202+0200] {dag.py:3324} INFO - Setting next_dagrun for my_first_dag to None, run_after=None
[2023-04-29T19:47:48.218+0200] {processor.py:178} INFO - Processing /home/rohan/airflow/dags/my_first_dag.py took 0.095 seconds
[2023-04-29T19:48:25.088+0200] {processor.py:156} INFO - Started process (PID=16422) to work on /home/rohan/airflow/dags/my_first_dag.py
[2023-04-29T19:48:25.124+0200] {processor.py:758} INFO - Processing file /home/rohan/airflow/dags/my_first_dag.py for tasks to queue
[2023-04-29T19:48:25.125+0200] {logging_mixin.py:117} INFO - [2023-04-29T19:48:25.124+0200] {dagbag.py:525} INFO - Filling up the DagBag from /home/rohan/airflow/dags/my_first_dag.py
[2023-04-29T19:48:25.134+0200] {processor.py:768} INFO - DAG(s) dict_keys(['my_first_dag']) retrieved from /home/rohan/airflow/dags/my_first_dag.py
[2023-04-29T19:48:25.152+0200] {logging_mixin.py:117} INFO - [2023-04-29T19:48:25.152+0200] {dag.py:2573} INFO - Sync 1 DAGs
[2023-04-29T19:48:25.164+0200] {logging_mixin.py:117} INFO - [2023-04-29T19:48:25.164+0200] {dag.py:3324} INFO - Setting next_dagrun for my_first_dag to None, run_after=None
[2023-04-29T19:48:25.180+0200] {processor.py:178} INFO - Processing /home/rohan/airflow/dags/my_first_dag.py took 0.094 seconds
[2023-04-29T19:49:01.679+0200] {processor.py:156} INFO - Started process (PID=16459) to work on /home/rohan/airflow/dags/my_first_dag.py
[2023-04-29T19:49:01.715+0200] {processor.py:758} INFO - Processing file /home/rohan/airflow/dags/my_first_dag.py for tasks to queue
[2023-04-29T19:49:01.715+0200] {logging_mixin.py:117} INFO - [2023-04-29T19:49:01.715+0200] {dagbag.py:525} INFO - Filling up the DagBag from /home/rohan/airflow/dags/my_first_dag.py
[2023-04-29T19:49:01.727+0200] {processor.py:768} INFO - DAG(s) dict_keys(['my_first_dag']) retrieved from /home/rohan/airflow/dags/my_first_dag.py
[2023-04-29T19:49:01.744+0200] {logging_mixin.py:117} INFO - [2023-04-29T19:49:01.744+0200] {dag.py:2573} INFO - Sync 1 DAGs
[2023-04-29T19:49:01.756+0200] {logging_mixin.py:117} INFO - [2023-04-29T19:49:01.756+0200] {dag.py:3324} INFO - Setting next_dagrun for my_first_dag to None, run_after=None
[2023-04-29T19:49:01.773+0200] {processor.py:178} INFO - Processing /home/rohan/airflow/dags/my_first_dag.py took 0.097 seconds
[2023-04-29T19:49:38.598+0200] {processor.py:156} INFO - Started process (PID=16730) to work on /home/rohan/airflow/dags/my_first_dag.py
[2023-04-29T19:49:38.599+0200] {processor.py:758} INFO - Processing file /home/rohan/airflow/dags/my_first_dag.py for tasks to queue
[2023-04-29T19:49:38.600+0200] {logging_mixin.py:117} INFO - [2023-04-29T19:49:38.600+0200] {dagbag.py:525} INFO - Filling up the DagBag from /home/rohan/airflow/dags/my_first_dag.py
[2023-04-29T19:49:38.609+0200] {processor.py:768} INFO - DAG(s) dict_keys(['my_first_dag']) retrieved from /home/rohan/airflow/dags/my_first_dag.py
[2023-04-29T19:49:38.625+0200] {logging_mixin.py:117} INFO - [2023-04-29T19:49:38.625+0200] {dag.py:2573} INFO - Sync 1 DAGs
[2023-04-29T19:49:38.638+0200] {logging_mixin.py:117} INFO - [2023-04-29T19:49:38.638+0200] {dag.py:3324} INFO - Setting next_dagrun for my_first_dag to None, run_after=None
[2023-04-29T19:49:38.653+0200] {processor.py:178} INFO - Processing /home/rohan/airflow/dags/my_first_dag.py took 0.057 seconds
[2023-04-29T19:50:14.151+0200] {processor.py:156} INFO - Started process (PID=16844) to work on /home/rohan/airflow/dags/my_first_dag.py
[2023-04-29T19:50:14.186+0200] {processor.py:758} INFO - Processing file /home/rohan/airflow/dags/my_first_dag.py for tasks to queue
[2023-04-29T19:50:14.187+0200] {logging_mixin.py:117} INFO - [2023-04-29T19:50:14.187+0200] {dagbag.py:525} INFO - Filling up the DagBag from /home/rohan/airflow/dags/my_first_dag.py
[2023-04-29T19:50:14.200+0200] {processor.py:768} INFO - DAG(s) dict_keys(['my_first_dag']) retrieved from /home/rohan/airflow/dags/my_first_dag.py
[2023-04-29T19:50:14.221+0200] {logging_mixin.py:117} INFO - [2023-04-29T19:50:14.221+0200] {dag.py:2573} INFO - Sync 1 DAGs
[2023-04-29T19:50:14.236+0200] {logging_mixin.py:117} INFO - [2023-04-29T19:50:14.236+0200] {dag.py:3324} INFO - Setting next_dagrun for my_first_dag to None, run_after=None
[2023-04-29T19:50:14.256+0200] {processor.py:178} INFO - Processing /home/rohan/airflow/dags/my_first_dag.py took 0.109 seconds
[2023-04-29T19:50:52.602+0200] {processor.py:156} INFO - Started process (PID=16906) to work on /home/rohan/airflow/dags/my_first_dag.py
[2023-04-29T19:50:52.604+0200] {processor.py:758} INFO - Processing file /home/rohan/airflow/dags/my_first_dag.py for tasks to queue
[2023-04-29T19:50:52.604+0200] {logging_mixin.py:117} INFO - [2023-04-29T19:50:52.604+0200] {dagbag.py:525} INFO - Filling up the DagBag from /home/rohan/airflow/dags/my_first_dag.py
[2023-04-29T19:50:52.616+0200] {processor.py:768} INFO - DAG(s) dict_keys(['my_first_dag']) retrieved from /home/rohan/airflow/dags/my_first_dag.py
[2023-04-29T19:50:52.636+0200] {logging_mixin.py:117} INFO - [2023-04-29T19:50:52.636+0200] {dag.py:2573} INFO - Sync 1 DAGs
[2023-04-29T19:50:52.653+0200] {logging_mixin.py:117} INFO - [2023-04-29T19:50:52.653+0200] {dag.py:3324} INFO - Setting next_dagrun for my_first_dag to None, run_after=None
[2023-04-29T19:50:52.676+0200] {processor.py:178} INFO - Processing /home/rohan/airflow/dags/my_first_dag.py took 0.076 seconds
[2023-04-29T19:51:29.361+0200] {processor.py:156} INFO - Started process (PID=16945) to work on /home/rohan/airflow/dags/my_first_dag.py
[2023-04-29T19:51:29.391+0200] {processor.py:758} INFO - Processing file /home/rohan/airflow/dags/my_first_dag.py for tasks to queue
[2023-04-29T19:51:29.391+0200] {logging_mixin.py:117} INFO - [2023-04-29T19:51:29.391+0200] {dagbag.py:525} INFO - Filling up the DagBag from /home/rohan/airflow/dags/my_first_dag.py
[2023-04-29T19:51:29.402+0200] {processor.py:768} INFO - DAG(s) dict_keys(['my_first_dag']) retrieved from /home/rohan/airflow/dags/my_first_dag.py
[2023-04-29T19:51:29.417+0200] {logging_mixin.py:117} INFO - [2023-04-29T19:51:29.417+0200] {dag.py:2573} INFO - Sync 1 DAGs
[2023-04-29T19:51:29.429+0200] {logging_mixin.py:117} INFO - [2023-04-29T19:51:29.429+0200] {dag.py:3324} INFO - Setting next_dagrun for my_first_dag to None, run_after=None
[2023-04-29T19:51:29.447+0200] {processor.py:178} INFO - Processing /home/rohan/airflow/dags/my_first_dag.py took 0.088 seconds
[2023-04-29T19:52:06.809+0200] {processor.py:156} INFO - Started process (PID=17216) to work on /home/rohan/airflow/dags/my_first_dag.py
[2023-04-29T19:52:06.845+0200] {processor.py:758} INFO - Processing file /home/rohan/airflow/dags/my_first_dag.py for tasks to queue
[2023-04-29T19:52:06.846+0200] {logging_mixin.py:117} INFO - [2023-04-29T19:52:06.846+0200] {dagbag.py:525} INFO - Filling up the DagBag from /home/rohan/airflow/dags/my_first_dag.py
[2023-04-29T19:52:06.856+0200] {processor.py:768} INFO - DAG(s) dict_keys(['my_first_dag']) retrieved from /home/rohan/airflow/dags/my_first_dag.py
[2023-04-29T19:52:06.873+0200] {logging_mixin.py:117} INFO - [2023-04-29T19:52:06.873+0200] {dag.py:2573} INFO - Sync 1 DAGs
[2023-04-29T19:52:06.886+0200] {logging_mixin.py:117} INFO - [2023-04-29T19:52:06.886+0200] {dag.py:3324} INFO - Setting next_dagrun for my_first_dag to None, run_after=None
[2023-04-29T19:52:06.904+0200] {processor.py:178} INFO - Processing /home/rohan/airflow/dags/my_first_dag.py took 0.097 seconds
[2023-04-29T19:52:44.817+0200] {processor.py:156} INFO - Started process (PID=17277) to work on /home/rohan/airflow/dags/my_first_dag.py
[2023-04-29T19:52:44.852+0200] {processor.py:758} INFO - Processing file /home/rohan/airflow/dags/my_first_dag.py for tasks to queue
[2023-04-29T19:52:44.853+0200] {logging_mixin.py:117} INFO - [2023-04-29T19:52:44.853+0200] {dagbag.py:525} INFO - Filling up the DagBag from /home/rohan/airflow/dags/my_first_dag.py
[2023-04-29T19:52:44.862+0200] {processor.py:768} INFO - DAG(s) dict_keys(['my_first_dag']) retrieved from /home/rohan/airflow/dags/my_first_dag.py
[2023-04-29T19:52:44.879+0200] {logging_mixin.py:117} INFO - [2023-04-29T19:52:44.878+0200] {dag.py:2573} INFO - Sync 1 DAGs
[2023-04-29T19:52:44.892+0200] {logging_mixin.py:117} INFO - [2023-04-29T19:52:44.892+0200] {dag.py:3324} INFO - Setting next_dagrun for my_first_dag to None, run_after=None
[2023-04-29T19:52:44.906+0200] {processor.py:178} INFO - Processing /home/rohan/airflow/dags/my_first_dag.py took 0.091 seconds
[2023-04-29T19:53:21.162+0200] {processor.py:156} INFO - Started process (PID=17339) to work on /home/rohan/airflow/dags/my_first_dag.py
[2023-04-29T19:53:21.198+0200] {processor.py:758} INFO - Processing file /home/rohan/airflow/dags/my_first_dag.py for tasks to queue
[2023-04-29T19:53:21.199+0200] {logging_mixin.py:117} INFO - [2023-04-29T19:53:21.198+0200] {dagbag.py:525} INFO - Filling up the DagBag from /home/rohan/airflow/dags/my_first_dag.py
[2023-04-29T19:53:21.207+0200] {processor.py:768} INFO - DAG(s) dict_keys(['my_first_dag']) retrieved from /home/rohan/airflow/dags/my_first_dag.py
[2023-04-29T19:53:21.225+0200] {logging_mixin.py:117} INFO - [2023-04-29T19:53:21.225+0200] {dag.py:2573} INFO - Sync 1 DAGs
[2023-04-29T19:53:21.238+0200] {logging_mixin.py:117} INFO - [2023-04-29T19:53:21.238+0200] {dag.py:3324} INFO - Setting next_dagrun for my_first_dag to None, run_after=None
[2023-04-29T19:53:21.254+0200] {processor.py:178} INFO - Processing /home/rohan/airflow/dags/my_first_dag.py took 0.094 seconds
[2023-04-29T19:54:00.014+0200] {processor.py:156} INFO - Started process (PID=17690) to work on /home/rohan/airflow/dags/my_first_dag.py
[2023-04-29T19:54:00.050+0200] {processor.py:758} INFO - Processing file /home/rohan/airflow/dags/my_first_dag.py for tasks to queue
[2023-04-29T19:54:00.050+0200] {logging_mixin.py:117} INFO - [2023-04-29T19:54:00.050+0200] {dagbag.py:525} INFO - Filling up the DagBag from /home/rohan/airflow/dags/my_first_dag.py
[2023-04-29T19:54:00.060+0200] {processor.py:768} INFO - DAG(s) dict_keys(['my_first_dag']) retrieved from /home/rohan/airflow/dags/my_first_dag.py
[2023-04-29T19:54:00.077+0200] {logging_mixin.py:117} INFO - [2023-04-29T19:54:00.077+0200] {dag.py:2573} INFO - Sync 1 DAGs
[2023-04-29T19:54:00.091+0200] {logging_mixin.py:117} INFO - [2023-04-29T19:54:00.091+0200] {dag.py:3324} INFO - Setting next_dagrun for my_first_dag to None, run_after=None
[2023-04-29T19:54:00.107+0200] {processor.py:178} INFO - Processing /home/rohan/airflow/dags/my_first_dag.py took 0.096 seconds
[2023-04-29T19:54:36.326+0200] {processor.py:156} INFO - Started process (PID=17734) to work on /home/rohan/airflow/dags/my_first_dag.py
[2023-04-29T19:54:36.362+0200] {processor.py:758} INFO - Processing file /home/rohan/airflow/dags/my_first_dag.py for tasks to queue
[2023-04-29T19:54:36.363+0200] {logging_mixin.py:117} INFO - [2023-04-29T19:54:36.363+0200] {dagbag.py:525} INFO - Filling up the DagBag from /home/rohan/airflow/dags/my_first_dag.py
[2023-04-29T19:54:36.378+0200] {processor.py:768} INFO - DAG(s) dict_keys(['my_first_dag']) retrieved from /home/rohan/airflow/dags/my_first_dag.py
[2023-04-29T19:54:36.404+0200] {logging_mixin.py:117} INFO - [2023-04-29T19:54:36.404+0200] {dag.py:2573} INFO - Sync 1 DAGs
[2023-04-29T19:54:36.425+0200] {logging_mixin.py:117} INFO - [2023-04-29T19:54:36.425+0200] {dag.py:3324} INFO - Setting next_dagrun for my_first_dag to None, run_after=None
[2023-04-29T19:54:36.458+0200] {processor.py:178} INFO - Processing /home/rohan/airflow/dags/my_first_dag.py took 0.134 seconds
[2023-04-29T19:55:13.852+0200] {processor.py:156} INFO - Started process (PID=17792) to work on /home/rohan/airflow/dags/my_first_dag.py
[2023-04-29T19:55:13.854+0200] {processor.py:758} INFO - Processing file /home/rohan/airflow/dags/my_first_dag.py for tasks to queue
[2023-04-29T19:55:13.854+0200] {logging_mixin.py:117} INFO - [2023-04-29T19:55:13.854+0200] {dagbag.py:525} INFO - Filling up the DagBag from /home/rohan/airflow/dags/my_first_dag.py
[2023-04-29T19:55:13.865+0200] {processor.py:768} INFO - DAG(s) dict_keys(['my_first_dag']) retrieved from /home/rohan/airflow/dags/my_first_dag.py
[2023-04-29T19:55:13.880+0200] {logging_mixin.py:117} INFO - [2023-04-29T19:55:13.880+0200] {dag.py:2573} INFO - Sync 1 DAGs
[2023-04-29T19:55:13.892+0200] {logging_mixin.py:117} INFO - [2023-04-29T19:55:13.891+0200] {dag.py:3324} INFO - Setting next_dagrun for my_first_dag to None, run_after=None
[2023-04-29T19:55:13.910+0200] {processor.py:178} INFO - Processing /home/rohan/airflow/dags/my_first_dag.py took 0.060 seconds
[2023-04-29T19:55:51.279+0200] {processor.py:156} INFO - Started process (PID=17874) to work on /home/rohan/airflow/dags/my_first_dag.py
[2023-04-29T19:55:51.314+0200] {processor.py:758} INFO - Processing file /home/rohan/airflow/dags/my_first_dag.py for tasks to queue
[2023-04-29T19:55:51.314+0200] {logging_mixin.py:117} INFO - [2023-04-29T19:55:51.314+0200] {dagbag.py:525} INFO - Filling up the DagBag from /home/rohan/airflow/dags/my_first_dag.py
[2023-04-29T19:55:51.325+0200] {processor.py:768} INFO - DAG(s) dict_keys(['my_first_dag']) retrieved from /home/rohan/airflow/dags/my_first_dag.py
[2023-04-29T19:55:51.345+0200] {logging_mixin.py:117} INFO - [2023-04-29T19:55:51.345+0200] {dag.py:2573} INFO - Sync 1 DAGs
[2023-04-29T19:55:51.360+0200] {logging_mixin.py:117} INFO - [2023-04-29T19:55:51.360+0200] {dag.py:3324} INFO - Setting next_dagrun for my_first_dag to None, run_after=None
[2023-04-29T19:55:51.378+0200] {processor.py:178} INFO - Processing /home/rohan/airflow/dags/my_first_dag.py took 0.101 seconds
[2023-04-29T19:56:30.304+0200] {processor.py:156} INFO - Started process (PID=18159) to work on /home/rohan/airflow/dags/my_first_dag.py
[2023-04-29T19:56:30.340+0200] {processor.py:758} INFO - Processing file /home/rohan/airflow/dags/my_first_dag.py for tasks to queue
[2023-04-29T19:56:30.340+0200] {logging_mixin.py:117} INFO - [2023-04-29T19:56:30.340+0200] {dagbag.py:525} INFO - Filling up the DagBag from /home/rohan/airflow/dags/my_first_dag.py
[2023-04-29T19:56:30.351+0200] {processor.py:768} INFO - DAG(s) dict_keys(['my_first_dag']) retrieved from /home/rohan/airflow/dags/my_first_dag.py
[2023-04-29T19:56:30.369+0200] {logging_mixin.py:117} INFO - [2023-04-29T19:56:30.369+0200] {dag.py:2573} INFO - Sync 1 DAGs
[2023-04-29T19:56:30.386+0200] {logging_mixin.py:117} INFO - [2023-04-29T19:56:30.385+0200] {dag.py:3324} INFO - Setting next_dagrun for my_first_dag to None, run_after=None
[2023-04-29T19:56:30.401+0200] {processor.py:178} INFO - Processing /home/rohan/airflow/dags/my_first_dag.py took 0.098 seconds
[2023-04-29T19:57:05.789+0200] {processor.py:156} INFO - Started process (PID=18222) to work on /home/rohan/airflow/dags/my_first_dag.py
[2023-04-29T19:57:05.790+0200] {processor.py:758} INFO - Processing file /home/rohan/airflow/dags/my_first_dag.py for tasks to queue
[2023-04-29T19:57:05.791+0200] {logging_mixin.py:117} INFO - [2023-04-29T19:57:05.790+0200] {dagbag.py:525} INFO - Filling up the DagBag from /home/rohan/airflow/dags/my_first_dag.py
[2023-04-29T19:57:05.800+0200] {processor.py:768} INFO - DAG(s) dict_keys(['my_first_dag']) retrieved from /home/rohan/airflow/dags/my_first_dag.py
[2023-04-29T19:57:05.815+0200] {logging_mixin.py:117} INFO - [2023-04-29T19:57:05.815+0200] {dag.py:2573} INFO - Sync 1 DAGs
[2023-04-29T19:57:05.829+0200] {logging_mixin.py:117} INFO - [2023-04-29T19:57:05.829+0200] {dag.py:3324} INFO - Setting next_dagrun for my_first_dag to None, run_after=None
[2023-04-29T19:57:05.845+0200] {processor.py:178} INFO - Processing /home/rohan/airflow/dags/my_first_dag.py took 0.059 seconds
[2023-04-29T19:57:43.847+0200] {processor.py:156} INFO - Started process (PID=18276) to work on /home/rohan/airflow/dags/my_first_dag.py
[2023-04-29T19:57:43.862+0200] {processor.py:758} INFO - Processing file /home/rohan/airflow/dags/my_first_dag.py for tasks to queue
[2023-04-29T19:57:43.863+0200] {logging_mixin.py:117} INFO - [2023-04-29T19:57:43.862+0200] {dagbag.py:525} INFO - Filling up the DagBag from /home/rohan/airflow/dags/my_first_dag.py
[2023-04-29T19:57:43.877+0200] {processor.py:768} INFO - DAG(s) dict_keys(['my_first_dag']) retrieved from /home/rohan/airflow/dags/my_first_dag.py
[2023-04-29T19:57:43.898+0200] {logging_mixin.py:117} INFO - [2023-04-29T19:57:43.898+0200] {dag.py:2573} INFO - Sync 1 DAGs
[2023-04-29T19:57:43.913+0200] {logging_mixin.py:117} INFO - [2023-04-29T19:57:43.913+0200] {dag.py:3324} INFO - Setting next_dagrun for my_first_dag to None, run_after=None
[2023-04-29T19:57:43.930+0200] {processor.py:178} INFO - Processing /home/rohan/airflow/dags/my_first_dag.py took 0.085 seconds
[2023-04-29T19:58:20.855+0200] {processor.py:156} INFO - Started process (PID=18314) to work on /home/rohan/airflow/dags/my_first_dag.py
[2023-04-29T19:58:20.890+0200] {processor.py:758} INFO - Processing file /home/rohan/airflow/dags/my_first_dag.py for tasks to queue
[2023-04-29T19:58:20.891+0200] {logging_mixin.py:117} INFO - [2023-04-29T19:58:20.891+0200] {dagbag.py:525} INFO - Filling up the DagBag from /home/rohan/airflow/dags/my_first_dag.py
[2023-04-29T19:58:20.901+0200] {processor.py:768} INFO - DAG(s) dict_keys(['my_first_dag']) retrieved from /home/rohan/airflow/dags/my_first_dag.py
[2023-04-29T19:58:20.918+0200] {logging_mixin.py:117} INFO - [2023-04-29T19:58:20.918+0200] {dag.py:2573} INFO - Sync 1 DAGs
[2023-04-29T19:58:20.930+0200] {logging_mixin.py:117} INFO - [2023-04-29T19:58:20.930+0200] {dag.py:3324} INFO - Setting next_dagrun for my_first_dag to None, run_after=None
[2023-04-29T19:58:20.947+0200] {processor.py:178} INFO - Processing /home/rohan/airflow/dags/my_first_dag.py took 0.095 seconds
[2023-04-29T19:58:57.870+0200] {processor.py:156} INFO - Started process (PID=18351) to work on /home/rohan/airflow/dags/my_first_dag.py
[2023-04-29T19:58:57.906+0200] {processor.py:758} INFO - Processing file /home/rohan/airflow/dags/my_first_dag.py for tasks to queue
[2023-04-29T19:58:57.907+0200] {logging_mixin.py:117} INFO - [2023-04-29T19:58:57.907+0200] {dagbag.py:525} INFO - Filling up the DagBag from /home/rohan/airflow/dags/my_first_dag.py
[2023-04-29T19:58:57.917+0200] {processor.py:768} INFO - DAG(s) dict_keys(['my_first_dag']) retrieved from /home/rohan/airflow/dags/my_first_dag.py
[2023-04-29T19:58:57.937+0200] {logging_mixin.py:117} INFO - [2023-04-29T19:58:57.936+0200] {dag.py:2573} INFO - Sync 1 DAGs
[2023-04-29T19:58:57.951+0200] {logging_mixin.py:117} INFO - [2023-04-29T19:58:57.951+0200] {dag.py:3324} INFO - Setting next_dagrun for my_first_dag to None, run_after=None
[2023-04-29T19:58:57.968+0200] {processor.py:178} INFO - Processing /home/rohan/airflow/dags/my_first_dag.py took 0.100 seconds
[2023-04-29T19:59:35.220+0200] {processor.py:156} INFO - Started process (PID=18388) to work on /home/rohan/airflow/dags/my_first_dag.py
[2023-04-29T19:59:35.255+0200] {processor.py:758} INFO - Processing file /home/rohan/airflow/dags/my_first_dag.py for tasks to queue
[2023-04-29T19:59:35.256+0200] {logging_mixin.py:117} INFO - [2023-04-29T19:59:35.256+0200] {dagbag.py:525} INFO - Filling up the DagBag from /home/rohan/airflow/dags/my_first_dag.py
[2023-04-29T19:59:35.268+0200] {processor.py:768} INFO - DAG(s) dict_keys(['my_first_dag']) retrieved from /home/rohan/airflow/dags/my_first_dag.py
[2023-04-29T19:59:35.289+0200] {logging_mixin.py:117} INFO - [2023-04-29T19:59:35.289+0200] {dag.py:2573} INFO - Sync 1 DAGs
[2023-04-29T19:59:35.303+0200] {logging_mixin.py:117} INFO - [2023-04-29T19:59:35.302+0200] {dag.py:3324} INFO - Setting next_dagrun for my_first_dag to None, run_after=None
[2023-04-29T19:59:35.323+0200] {processor.py:178} INFO - Processing /home/rohan/airflow/dags/my_first_dag.py took 0.106 seconds
[2023-04-29T20:00:13.257+0200] {processor.py:156} INFO - Started process (PID=18682) to work on /home/rohan/airflow/dags/my_first_dag.py
[2023-04-29T20:00:13.293+0200] {processor.py:758} INFO - Processing file /home/rohan/airflow/dags/my_first_dag.py for tasks to queue
[2023-04-29T20:00:13.293+0200] {logging_mixin.py:117} INFO - [2023-04-29T20:00:13.293+0200] {dagbag.py:525} INFO - Filling up the DagBag from /home/rohan/airflow/dags/my_first_dag.py
[2023-04-29T20:00:13.303+0200] {processor.py:768} INFO - DAG(s) dict_keys(['my_first_dag']) retrieved from /home/rohan/airflow/dags/my_first_dag.py
[2023-04-29T20:00:13.317+0200] {logging_mixin.py:117} INFO - [2023-04-29T20:00:13.317+0200] {dag.py:2573} INFO - Sync 1 DAGs
[2023-04-29T20:00:13.329+0200] {logging_mixin.py:117} INFO - [2023-04-29T20:00:13.328+0200] {dag.py:3324} INFO - Setting next_dagrun for my_first_dag to None, run_after=None
[2023-04-29T20:00:13.343+0200] {processor.py:178} INFO - Processing /home/rohan/airflow/dags/my_first_dag.py took 0.089 seconds
[2023-04-29T20:00:49.828+0200] {processor.py:156} INFO - Started process (PID=18796) to work on /home/rohan/airflow/dags/my_first_dag.py
[2023-04-29T20:00:49.864+0200] {processor.py:758} INFO - Processing file /home/rohan/airflow/dags/my_first_dag.py for tasks to queue
[2023-04-29T20:00:49.865+0200] {logging_mixin.py:117} INFO - [2023-04-29T20:00:49.865+0200] {dagbag.py:525} INFO - Filling up the DagBag from /home/rohan/airflow/dags/my_first_dag.py
[2023-04-29T20:00:49.874+0200] {processor.py:768} INFO - DAG(s) dict_keys(['my_first_dag']) retrieved from /home/rohan/airflow/dags/my_first_dag.py
[2023-04-29T20:00:49.889+0200] {logging_mixin.py:117} INFO - [2023-04-29T20:00:49.889+0200] {dag.py:2573} INFO - Sync 1 DAGs
[2023-04-29T20:00:49.901+0200] {logging_mixin.py:117} INFO - [2023-04-29T20:00:49.901+0200] {dag.py:3324} INFO - Setting next_dagrun for my_first_dag to None, run_after=None
[2023-04-29T20:00:49.915+0200] {processor.py:178} INFO - Processing /home/rohan/airflow/dags/my_first_dag.py took 0.089 seconds
[2023-04-29T20:01:29.516+0200] {processor.py:156} INFO - Started process (PID=19099) to work on /home/rohan/airflow/dags/my_first_dag.py
[2023-04-29T20:01:29.552+0200] {processor.py:758} INFO - Processing file /home/rohan/airflow/dags/my_first_dag.py for tasks to queue
[2023-04-29T20:01:29.552+0200] {logging_mixin.py:117} INFO - [2023-04-29T20:01:29.552+0200] {dagbag.py:525} INFO - Filling up the DagBag from /home/rohan/airflow/dags/my_first_dag.py
[2023-04-29T20:01:29.563+0200] {processor.py:768} INFO - DAG(s) dict_keys(['my_first_dag']) retrieved from /home/rohan/airflow/dags/my_first_dag.py
[2023-04-29T20:01:29.582+0200] {logging_mixin.py:117} INFO - [2023-04-29T20:01:29.582+0200] {dag.py:2573} INFO - Sync 1 DAGs
[2023-04-29T20:01:29.595+0200] {logging_mixin.py:117} INFO - [2023-04-29T20:01:29.595+0200] {dag.py:3324} INFO - Setting next_dagrun for my_first_dag to None, run_after=None
[2023-04-29T20:01:29.611+0200] {processor.py:178} INFO - Processing /home/rohan/airflow/dags/my_first_dag.py took 0.097 seconds
[2023-04-29T20:02:05.419+0200] {processor.py:156} INFO - Started process (PID=19141) to work on /home/rohan/airflow/dags/my_first_dag.py
[2023-04-29T20:02:05.454+0200] {processor.py:758} INFO - Processing file /home/rohan/airflow/dags/my_first_dag.py for tasks to queue
[2023-04-29T20:02:05.455+0200] {logging_mixin.py:117} INFO - [2023-04-29T20:02:05.455+0200] {dagbag.py:525} INFO - Filling up the DagBag from /home/rohan/airflow/dags/my_first_dag.py
[2023-04-29T20:02:05.465+0200] {processor.py:768} INFO - DAG(s) dict_keys(['my_first_dag']) retrieved from /home/rohan/airflow/dags/my_first_dag.py
[2023-04-29T20:02:05.481+0200] {logging_mixin.py:117} INFO - [2023-04-29T20:02:05.480+0200] {dag.py:2573} INFO - Sync 1 DAGs
[2023-04-29T20:02:05.492+0200] {logging_mixin.py:117} INFO - [2023-04-29T20:02:05.492+0200] {dag.py:3324} INFO - Setting next_dagrun for my_first_dag to None, run_after=None
[2023-04-29T20:02:05.506+0200] {processor.py:178} INFO - Processing /home/rohan/airflow/dags/my_first_dag.py took 0.090 seconds
[2023-04-29T20:02:43.026+0200] {processor.py:156} INFO - Started process (PID=19203) to work on /home/rohan/airflow/dags/my_first_dag.py
[2023-04-29T20:02:43.062+0200] {processor.py:758} INFO - Processing file /home/rohan/airflow/dags/my_first_dag.py for tasks to queue
[2023-04-29T20:02:43.062+0200] {logging_mixin.py:117} INFO - [2023-04-29T20:02:43.062+0200] {dagbag.py:525} INFO - Filling up the DagBag from /home/rohan/airflow/dags/my_first_dag.py
[2023-04-29T20:02:43.072+0200] {processor.py:768} INFO - DAG(s) dict_keys(['my_first_dag']) retrieved from /home/rohan/airflow/dags/my_first_dag.py
[2023-04-29T20:02:43.088+0200] {logging_mixin.py:117} INFO - [2023-04-29T20:02:43.088+0200] {dag.py:2573} INFO - Sync 1 DAGs
[2023-04-29T20:02:43.100+0200] {logging_mixin.py:117} INFO - [2023-04-29T20:02:43.100+0200] {dag.py:3324} INFO - Setting next_dagrun for my_first_dag to None, run_after=None
[2023-04-29T20:02:43.117+0200] {processor.py:178} INFO - Processing /home/rohan/airflow/dags/my_first_dag.py took 0.092 seconds
[2023-04-29T20:03:20.506+0200] {processor.py:156} INFO - Started process (PID=19508) to work on /home/rohan/airflow/dags/my_first_dag.py
[2023-04-29T20:03:20.542+0200] {processor.py:758} INFO - Processing file /home/rohan/airflow/dags/my_first_dag.py for tasks to queue
[2023-04-29T20:03:20.542+0200] {logging_mixin.py:117} INFO - [2023-04-29T20:03:20.542+0200] {dagbag.py:525} INFO - Filling up the DagBag from /home/rohan/airflow/dags/my_first_dag.py
[2023-04-29T20:03:20.553+0200] {processor.py:768} INFO - DAG(s) dict_keys(['my_first_dag']) retrieved from /home/rohan/airflow/dags/my_first_dag.py
[2023-04-29T20:03:20.570+0200] {logging_mixin.py:117} INFO - [2023-04-29T20:03:20.570+0200] {dag.py:2573} INFO - Sync 1 DAGs
[2023-04-29T20:03:20.583+0200] {logging_mixin.py:117} INFO - [2023-04-29T20:03:20.583+0200] {dag.py:3324} INFO - Setting next_dagrun for my_first_dag to None, run_after=None
[2023-04-29T20:03:20.602+0200] {processor.py:178} INFO - Processing /home/rohan/airflow/dags/my_first_dag.py took 0.099 seconds
[2023-04-29T20:03:57.877+0200] {processor.py:156} INFO - Started process (PID=19861) to work on /home/rohan/airflow/dags/my_first_dag.py
[2023-04-29T20:03:57.879+0200] {processor.py:758} INFO - Processing file /home/rohan/airflow/dags/my_first_dag.py for tasks to queue
[2023-04-29T20:03:57.879+0200] {logging_mixin.py:117} INFO - [2023-04-29T20:03:57.879+0200] {dagbag.py:525} INFO - Filling up the DagBag from /home/rohan/airflow/dags/my_first_dag.py
[2023-04-29T20:03:57.889+0200] {processor.py:768} INFO - DAG(s) dict_keys(['my_first_dag']) retrieved from /home/rohan/airflow/dags/my_first_dag.py
[2023-04-29T20:03:57.906+0200] {logging_mixin.py:117} INFO - [2023-04-29T20:03:57.906+0200] {dag.py:2573} INFO - Sync 1 DAGs
[2023-04-29T20:03:57.917+0200] {logging_mixin.py:117} INFO - [2023-04-29T20:03:57.917+0200] {dag.py:3324} INFO - Setting next_dagrun for my_first_dag to None, run_after=None
[2023-04-29T20:03:57.934+0200] {processor.py:178} INFO - Processing /home/rohan/airflow/dags/my_first_dag.py took 0.059 seconds
[2023-04-29T20:04:34.608+0200] {processor.py:156} INFO - Started process (PID=19919) to work on /home/rohan/airflow/dags/my_first_dag.py
[2023-04-29T20:04:34.644+0200] {processor.py:758} INFO - Processing file /home/rohan/airflow/dags/my_first_dag.py for tasks to queue
[2023-04-29T20:04:34.645+0200] {logging_mixin.py:117} INFO - [2023-04-29T20:04:34.645+0200] {dagbag.py:525} INFO - Filling up the DagBag from /home/rohan/airflow/dags/my_first_dag.py
[2023-04-29T20:04:34.654+0200] {processor.py:768} INFO - DAG(s) dict_keys(['my_first_dag']) retrieved from /home/rohan/airflow/dags/my_first_dag.py
[2023-04-29T20:04:34.669+0200] {logging_mixin.py:117} INFO - [2023-04-29T20:04:34.669+0200] {dag.py:2573} INFO - Sync 1 DAGs
[2023-04-29T20:04:34.681+0200] {logging_mixin.py:117} INFO - [2023-04-29T20:04:34.681+0200] {dag.py:3324} INFO - Setting next_dagrun for my_first_dag to None, run_after=None
[2023-04-29T20:04:34.696+0200] {processor.py:178} INFO - Processing /home/rohan/airflow/dags/my_first_dag.py took 0.090 seconds
[2023-04-29T20:05:13.366+0200] {processor.py:156} INFO - Started process (PID=19983) to work on /home/rohan/airflow/dags/my_first_dag.py
[2023-04-29T20:05:13.402+0200] {processor.py:758} INFO - Processing file /home/rohan/airflow/dags/my_first_dag.py for tasks to queue
[2023-04-29T20:05:13.404+0200] {logging_mixin.py:117} INFO - [2023-04-29T20:05:13.403+0200] {dagbag.py:525} INFO - Filling up the DagBag from /home/rohan/airflow/dags/my_first_dag.py
[2023-04-29T20:05:13.413+0200] {processor.py:768} INFO - DAG(s) dict_keys(['my_first_dag']) retrieved from /home/rohan/airflow/dags/my_first_dag.py
[2023-04-29T20:05:13.429+0200] {logging_mixin.py:117} INFO - [2023-04-29T20:05:13.429+0200] {dag.py:2573} INFO - Sync 1 DAGs
[2023-04-29T20:05:13.441+0200] {logging_mixin.py:117} INFO - [2023-04-29T20:05:13.441+0200] {dag.py:3324} INFO - Setting next_dagrun for my_first_dag to None, run_after=None
[2023-04-29T20:05:13.457+0200] {processor.py:178} INFO - Processing /home/rohan/airflow/dags/my_first_dag.py took 0.093 seconds
