[2023-05-18T19:59:42.764+0200] {processor.py:156} INFO - Started process (PID=1356) to work on /home/rohan/airflow/dags/lib/project_dag.py
[2023-05-18T19:59:42.764+0200] {processor.py:758} INFO - Processing file /home/rohan/airflow/dags/lib/project_dag.py for tasks to queue
[2023-05-18T19:59:42.765+0200] {logging_mixin.py:117} INFO - [2023-05-18T19:59:42.765+0200] {dagbag.py:525} INFO - Filling up the DagBag from /home/rohan/airflow/dags/lib/project_dag.py
[2023-05-18T19:59:42.778+0200] {processor.py:768} INFO - DAG(s) dict_keys(['my_second_dag']) retrieved from /home/rohan/airflow/dags/lib/project_dag.py
[2023-05-18T19:59:42.787+0200] {logging_mixin.py:117} INFO - [2023-05-18T19:59:42.787+0200] {dag.py:2573} INFO - Sync 1 DAGs
[2023-05-18T19:59:42.800+0200] {logging_mixin.py:117} INFO - [2023-05-18T19:59:42.800+0200] {dag.py:3324} INFO - Setting next_dagrun for my_second_dag to None, run_after=None
[2023-05-18T19:59:42.815+0200] {processor.py:178} INFO - Processing /home/rohan/airflow/dags/lib/project_dag.py took 0.054 seconds
[2023-05-18T20:00:18.170+0200] {processor.py:156} INFO - Started process (PID=1398) to work on /home/rohan/airflow/dags/lib/project_dag.py
[2023-05-18T20:00:18.171+0200] {processor.py:758} INFO - Processing file /home/rohan/airflow/dags/lib/project_dag.py for tasks to queue
[2023-05-18T20:00:18.172+0200] {logging_mixin.py:117} INFO - [2023-05-18T20:00:18.172+0200] {dagbag.py:525} INFO - Filling up the DagBag from /home/rohan/airflow/dags/lib/project_dag.py
[2023-05-18T20:00:18.187+0200] {processor.py:768} INFO - DAG(s) dict_keys(['my_second_dag']) retrieved from /home/rohan/airflow/dags/lib/project_dag.py
[2023-05-18T20:00:18.208+0200] {logging_mixin.py:117} INFO - [2023-05-18T20:00:18.208+0200] {dag.py:2573} INFO - Sync 1 DAGs
[2023-05-18T20:00:18.221+0200] {logging_mixin.py:117} INFO - [2023-05-18T20:00:18.221+0200] {dag.py:3324} INFO - Setting next_dagrun for my_second_dag to None, run_after=None
[2023-05-18T20:00:18.243+0200] {processor.py:178} INFO - Processing /home/rohan/airflow/dags/lib/project_dag.py took 0.074 seconds
[2023-05-18T20:00:50.572+0200] {processor.py:156} INFO - Started process (PID=1432) to work on /home/rohan/airflow/dags/lib/project_dag.py
[2023-05-18T20:00:50.573+0200] {processor.py:758} INFO - Processing file /home/rohan/airflow/dags/lib/project_dag.py for tasks to queue
[2023-05-18T20:00:50.573+0200] {logging_mixin.py:117} INFO - [2023-05-18T20:00:50.573+0200] {dagbag.py:525} INFO - Filling up the DagBag from /home/rohan/airflow/dags/lib/project_dag.py
[2023-05-18T20:00:50.585+0200] {processor.py:768} INFO - DAG(s) dict_keys(['my_second_dag']) retrieved from /home/rohan/airflow/dags/lib/project_dag.py
[2023-05-18T20:00:50.603+0200] {logging_mixin.py:117} INFO - [2023-05-18T20:00:50.603+0200] {dag.py:2573} INFO - Sync 1 DAGs
[2023-05-18T20:00:50.618+0200] {logging_mixin.py:117} INFO - [2023-05-18T20:00:50.618+0200] {dag.py:3324} INFO - Setting next_dagrun for my_second_dag to None, run_after=None
[2023-05-18T20:00:50.636+0200] {processor.py:178} INFO - Processing /home/rohan/airflow/dags/lib/project_dag.py took 0.067 seconds
[2023-05-18T20:01:25.238+0200] {processor.py:156} INFO - Started process (PID=1467) to work on /home/rohan/airflow/dags/lib/project_dag.py
[2023-05-18T20:01:25.240+0200] {processor.py:758} INFO - Processing file /home/rohan/airflow/dags/lib/project_dag.py for tasks to queue
[2023-05-18T20:01:25.240+0200] {logging_mixin.py:117} INFO - [2023-05-18T20:01:25.240+0200] {dagbag.py:525} INFO - Filling up the DagBag from /home/rohan/airflow/dags/lib/project_dag.py
[2023-05-18T20:01:25.252+0200] {processor.py:768} INFO - DAG(s) dict_keys(['my_second_dag']) retrieved from /home/rohan/airflow/dags/lib/project_dag.py
[2023-05-18T20:01:25.270+0200] {logging_mixin.py:117} INFO - [2023-05-18T20:01:25.270+0200] {dag.py:2573} INFO - Sync 1 DAGs
[2023-05-18T20:01:25.285+0200] {logging_mixin.py:117} INFO - [2023-05-18T20:01:25.285+0200] {dag.py:3324} INFO - Setting next_dagrun for my_second_dag to None, run_after=None
[2023-05-18T20:01:25.304+0200] {processor.py:178} INFO - Processing /home/rohan/airflow/dags/lib/project_dag.py took 0.068 seconds
[2023-05-18T20:01:55.538+0200] {processor.py:156} INFO - Started process (PID=1498) to work on /home/rohan/airflow/dags/lib/project_dag.py
[2023-05-18T20:01:55.539+0200] {processor.py:758} INFO - Processing file /home/rohan/airflow/dags/lib/project_dag.py for tasks to queue
[2023-05-18T20:01:55.539+0200] {logging_mixin.py:117} INFO - [2023-05-18T20:01:55.539+0200] {dagbag.py:525} INFO - Filling up the DagBag from /home/rohan/airflow/dags/lib/project_dag.py
[2023-05-18T20:01:55.550+0200] {processor.py:768} INFO - DAG(s) dict_keys(['my_second_dag']) retrieved from /home/rohan/airflow/dags/lib/project_dag.py
[2023-05-18T20:01:55.567+0200] {logging_mixin.py:117} INFO - [2023-05-18T20:01:55.567+0200] {dag.py:2573} INFO - Sync 1 DAGs
[2023-05-18T20:01:55.581+0200] {logging_mixin.py:117} INFO - [2023-05-18T20:01:55.581+0200] {dag.py:3324} INFO - Setting next_dagrun for my_second_dag to None, run_after=None
[2023-05-18T20:01:55.600+0200] {processor.py:178} INFO - Processing /home/rohan/airflow/dags/lib/project_dag.py took 0.066 seconds
[2023-05-18T20:02:27.288+0200] {processor.py:156} INFO - Started process (PID=1530) to work on /home/rohan/airflow/dags/lib/project_dag.py
[2023-05-18T20:02:27.290+0200] {processor.py:758} INFO - Processing file /home/rohan/airflow/dags/lib/project_dag.py for tasks to queue
[2023-05-18T20:02:27.290+0200] {logging_mixin.py:117} INFO - [2023-05-18T20:02:27.290+0200] {dagbag.py:525} INFO - Filling up the DagBag from /home/rohan/airflow/dags/lib/project_dag.py
[2023-05-18T20:02:27.306+0200] {processor.py:768} INFO - DAG(s) dict_keys(['my_second_dag']) retrieved from /home/rohan/airflow/dags/lib/project_dag.py
[2023-05-18T20:02:27.338+0200] {logging_mixin.py:117} INFO - [2023-05-18T20:02:27.338+0200] {dag.py:2573} INFO - Sync 1 DAGs
[2023-05-18T20:02:27.375+0200] {logging_mixin.py:117} INFO - [2023-05-18T20:02:27.375+0200] {dag.py:3324} INFO - Setting next_dagrun for my_second_dag to None, run_after=None
[2023-05-18T20:02:27.408+0200] {processor.py:178} INFO - Processing /home/rohan/airflow/dags/lib/project_dag.py took 0.123 seconds
[2023-05-18T20:02:58.355+0200] {processor.py:156} INFO - Started process (PID=1717) to work on /home/rohan/airflow/dags/lib/project_dag.py
[2023-05-18T20:02:58.355+0200] {processor.py:758} INFO - Processing file /home/rohan/airflow/dags/lib/project_dag.py for tasks to queue
[2023-05-18T20:02:58.356+0200] {logging_mixin.py:117} INFO - [2023-05-18T20:02:58.356+0200] {dagbag.py:525} INFO - Filling up the DagBag from /home/rohan/airflow/dags/lib/project_dag.py
[2023-05-18T20:02:58.369+0200] {processor.py:768} INFO - DAG(s) dict_keys(['my_second_dag']) retrieved from /home/rohan/airflow/dags/lib/project_dag.py
[2023-05-18T20:02:58.388+0200] {logging_mixin.py:117} INFO - [2023-05-18T20:02:58.388+0200] {dag.py:2573} INFO - Sync 1 DAGs
[2023-05-18T20:02:58.403+0200] {logging_mixin.py:117} INFO - [2023-05-18T20:02:58.403+0200] {dag.py:3324} INFO - Setting next_dagrun for my_second_dag to None, run_after=None
[2023-05-18T20:02:58.423+0200] {processor.py:178} INFO - Processing /home/rohan/airflow/dags/lib/project_dag.py took 0.072 seconds
