[2023-05-18T20:04:46.608+0200] {processor.py:156} INFO - Started process (PID=3149) to work on /home/rohan/airflow/dags/project_dag.py
[2023-05-18T20:04:46.608+0200] {processor.py:758} INFO - Processing file /home/rohan/airflow/dags/project_dag.py for tasks to queue
[2023-05-18T20:04:46.609+0200] {logging_mixin.py:117} INFO - [2023-05-18T20:04:46.609+0200] {dagbag.py:525} INFO - Filling up the DagBag from /home/rohan/airflow/dags/project_dag.py
[2023-05-18T20:04:46.619+0200] {processor.py:768} INFO - DAG(s) dict_keys(['my_second_dag']) retrieved from /home/rohan/airflow/dags/project_dag.py
[2023-05-18T20:04:46.649+0200] {logging_mixin.py:117} INFO - [2023-05-18T20:04:46.649+0200] {dag.py:2573} INFO - Sync 1 DAGs
[2023-05-18T20:04:46.658+0200] {logging_mixin.py:117} INFO - [2023-05-18T20:04:46.658+0200] {dag.py:3324} INFO - Setting next_dagrun for my_second_dag to None, run_after=None
[2023-05-18T20:04:46.676+0200] {processor.py:178} INFO - Processing /home/rohan/airflow/dags/project_dag.py took 0.071 seconds
[2023-05-18T20:05:19.702+0200] {processor.py:156} INFO - Started process (PID=3272) to work on /home/rohan/airflow/dags/project_dag.py
[2023-05-18T20:05:19.713+0200] {processor.py:758} INFO - Processing file /home/rohan/airflow/dags/project_dag.py for tasks to queue
[2023-05-18T20:05:19.715+0200] {logging_mixin.py:117} INFO - [2023-05-18T20:05:19.714+0200] {dagbag.py:525} INFO - Filling up the DagBag from /home/rohan/airflow/dags/project_dag.py
[2023-05-18T20:05:19.726+0200] {processor.py:768} INFO - DAG(s) dict_keys(['my_second_dag']) retrieved from /home/rohan/airflow/dags/project_dag.py
[2023-05-18T20:05:19.742+0200] {logging_mixin.py:117} INFO - [2023-05-18T20:05:19.742+0200] {dag.py:2573} INFO - Sync 1 DAGs
[2023-05-18T20:05:19.757+0200] {logging_mixin.py:117} INFO - [2023-05-18T20:05:19.757+0200] {dag.py:3324} INFO - Setting next_dagrun for my_second_dag to None, run_after=None
[2023-05-18T20:05:19.773+0200] {processor.py:178} INFO - Processing /home/rohan/airflow/dags/project_dag.py took 0.072 seconds
[2023-05-18T20:05:51.712+0200] {processor.py:156} INFO - Started process (PID=3307) to work on /home/rohan/airflow/dags/project_dag.py
[2023-05-18T20:05:51.714+0200] {processor.py:758} INFO - Processing file /home/rohan/airflow/dags/project_dag.py for tasks to queue
[2023-05-18T20:05:51.715+0200] {logging_mixin.py:117} INFO - [2023-05-18T20:05:51.714+0200] {dagbag.py:525} INFO - Filling up the DagBag from /home/rohan/airflow/dags/project_dag.py
[2023-05-18T20:05:51.725+0200] {processor.py:768} INFO - DAG(s) dict_keys(['my_second_dag']) retrieved from /home/rohan/airflow/dags/project_dag.py
[2023-05-18T20:05:51.740+0200] {logging_mixin.py:117} INFO - [2023-05-18T20:05:51.740+0200] {dag.py:2573} INFO - Sync 1 DAGs
[2023-05-18T20:05:51.751+0200] {logging_mixin.py:117} INFO - [2023-05-18T20:05:51.751+0200] {dag.py:3324} INFO - Setting next_dagrun for my_second_dag to None, run_after=None
[2023-05-18T20:05:51.769+0200] {processor.py:178} INFO - Processing /home/rohan/airflow/dags/project_dag.py took 0.059 seconds
[2023-05-18T20:06:22.754+0200] {processor.py:156} INFO - Started process (PID=3338) to work on /home/rohan/airflow/dags/project_dag.py
[2023-05-18T20:06:22.765+0200] {processor.py:758} INFO - Processing file /home/rohan/airflow/dags/project_dag.py for tasks to queue
[2023-05-18T20:06:22.766+0200] {logging_mixin.py:117} INFO - [2023-05-18T20:06:22.766+0200] {dagbag.py:525} INFO - Filling up the DagBag from /home/rohan/airflow/dags/project_dag.py
[2023-05-18T20:06:22.776+0200] {processor.py:768} INFO - DAG(s) dict_keys(['my_second_dag']) retrieved from /home/rohan/airflow/dags/project_dag.py
[2023-05-18T20:06:22.794+0200] {logging_mixin.py:117} INFO - [2023-05-18T20:06:22.794+0200] {dag.py:2573} INFO - Sync 1 DAGs
[2023-05-18T20:06:22.805+0200] {logging_mixin.py:117} INFO - [2023-05-18T20:06:22.805+0200] {dag.py:3324} INFO - Setting next_dagrun for my_second_dag to None, run_after=None
[2023-05-18T20:06:22.822+0200] {processor.py:178} INFO - Processing /home/rohan/airflow/dags/project_dag.py took 0.072 seconds
[2023-05-18T20:06:58.641+0200] {processor.py:156} INFO - Started process (PID=3377) to work on /home/rohan/airflow/dags/project_dag.py
[2023-05-18T20:06:58.642+0200] {processor.py:758} INFO - Processing file /home/rohan/airflow/dags/project_dag.py for tasks to queue
[2023-05-18T20:06:58.642+0200] {logging_mixin.py:117} INFO - [2023-05-18T20:06:58.642+0200] {dagbag.py:525} INFO - Filling up the DagBag from /home/rohan/airflow/dags/project_dag.py
[2023-05-18T20:06:58.653+0200] {processor.py:768} INFO - DAG(s) dict_keys(['my_second_dag']) retrieved from /home/rohan/airflow/dags/project_dag.py
[2023-05-18T20:06:58.670+0200] {logging_mixin.py:117} INFO - [2023-05-18T20:06:58.670+0200] {dag.py:2573} INFO - Sync 1 DAGs
[2023-05-18T20:06:58.681+0200] {logging_mixin.py:117} INFO - [2023-05-18T20:06:58.680+0200] {dag.py:3324} INFO - Setting next_dagrun for my_second_dag to None, run_after=None
[2023-05-18T20:06:58.709+0200] {processor.py:178} INFO - Processing /home/rohan/airflow/dags/project_dag.py took 0.070 seconds
[2023-05-18T20:07:30.305+0200] {processor.py:156} INFO - Started process (PID=3594) to work on /home/rohan/airflow/dags/project_dag.py
[2023-05-18T20:07:30.317+0200] {processor.py:758} INFO - Processing file /home/rohan/airflow/dags/project_dag.py for tasks to queue
[2023-05-18T20:07:30.318+0200] {logging_mixin.py:117} INFO - [2023-05-18T20:07:30.318+0200] {dagbag.py:525} INFO - Filling up the DagBag from /home/rohan/airflow/dags/project_dag.py
[2023-05-18T20:07:30.331+0200] {processor.py:768} INFO - DAG(s) dict_keys(['my_second_dag']) retrieved from /home/rohan/airflow/dags/project_dag.py
[2023-05-18T20:07:30.348+0200] {logging_mixin.py:117} INFO - [2023-05-18T20:07:30.348+0200] {dag.py:2573} INFO - Sync 1 DAGs
[2023-05-18T20:07:30.359+0200] {logging_mixin.py:117} INFO - [2023-05-18T20:07:30.359+0200] {dag.py:3324} INFO - Setting next_dagrun for my_second_dag to None, run_after=None
[2023-05-18T20:07:30.375+0200] {processor.py:178} INFO - Processing /home/rohan/airflow/dags/project_dag.py took 0.073 seconds
[2023-05-18T20:08:01.939+0200] {processor.py:156} INFO - Started process (PID=3631) to work on /home/rohan/airflow/dags/project_dag.py
[2023-05-18T20:08:01.951+0200] {processor.py:758} INFO - Processing file /home/rohan/airflow/dags/project_dag.py for tasks to queue
[2023-05-18T20:08:01.952+0200] {logging_mixin.py:117} INFO - [2023-05-18T20:08:01.952+0200] {dagbag.py:525} INFO - Filling up the DagBag from /home/rohan/airflow/dags/project_dag.py
[2023-05-18T20:08:01.964+0200] {processor.py:768} INFO - DAG(s) dict_keys(['my_second_dag']) retrieved from /home/rohan/airflow/dags/project_dag.py
[2023-05-18T20:08:01.982+0200] {logging_mixin.py:117} INFO - [2023-05-18T20:08:01.981+0200] {dag.py:2573} INFO - Sync 1 DAGs
[2023-05-18T20:08:01.993+0200] {logging_mixin.py:117} INFO - [2023-05-18T20:08:01.993+0200] {dag.py:3324} INFO - Setting next_dagrun for my_second_dag to None, run_after=None
[2023-05-18T20:08:02.010+0200] {processor.py:178} INFO - Processing /home/rohan/airflow/dags/project_dag.py took 0.073 seconds
[2023-05-18T20:08:35.218+0200] {processor.py:156} INFO - Started process (PID=3853) to work on /home/rohan/airflow/dags/project_dag.py
[2023-05-18T20:08:35.220+0200] {processor.py:758} INFO - Processing file /home/rohan/airflow/dags/project_dag.py for tasks to queue
[2023-05-18T20:08:35.220+0200] {logging_mixin.py:117} INFO - [2023-05-18T20:08:35.220+0200] {dagbag.py:525} INFO - Filling up the DagBag from /home/rohan/airflow/dags/project_dag.py
[2023-05-18T20:08:35.231+0200] {processor.py:768} INFO - DAG(s) dict_keys(['my_second_dag']) retrieved from /home/rohan/airflow/dags/project_dag.py
[2023-05-18T20:08:35.251+0200] {logging_mixin.py:117} INFO - [2023-05-18T20:08:35.251+0200] {dag.py:2573} INFO - Sync 1 DAGs
[2023-05-18T20:08:35.264+0200] {logging_mixin.py:117} INFO - [2023-05-18T20:08:35.263+0200] {dag.py:3324} INFO - Setting next_dagrun for my_second_dag to None, run_after=None
[2023-05-18T20:08:35.281+0200] {processor.py:178} INFO - Processing /home/rohan/airflow/dags/project_dag.py took 0.066 seconds
[2023-05-18T20:09:08.452+0200] {processor.py:156} INFO - Started process (PID=4056) to work on /home/rohan/airflow/dags/project_dag.py
[2023-05-18T20:09:08.453+0200] {processor.py:758} INFO - Processing file /home/rohan/airflow/dags/project_dag.py for tasks to queue
[2023-05-18T20:09:08.455+0200] {logging_mixin.py:117} INFO - [2023-05-18T20:09:08.455+0200] {dagbag.py:525} INFO - Filling up the DagBag from /home/rohan/airflow/dags/project_dag.py
[2023-05-18T20:09:08.467+0200] {processor.py:768} INFO - DAG(s) dict_keys(['my_second_dag']) retrieved from /home/rohan/airflow/dags/project_dag.py
[2023-05-18T20:09:08.493+0200] {logging_mixin.py:117} INFO - [2023-05-18T20:09:08.493+0200] {dag.py:2573} INFO - Sync 1 DAGs
[2023-05-18T20:09:08.510+0200] {logging_mixin.py:117} INFO - [2023-05-18T20:09:08.510+0200] {dag.py:3324} INFO - Setting next_dagrun for my_second_dag to None, run_after=None
[2023-05-18T20:09:08.541+0200] {processor.py:178} INFO - Processing /home/rohan/airflow/dags/project_dag.py took 0.092 seconds
[2023-05-18T20:09:40.908+0200] {processor.py:156} INFO - Started process (PID=4090) to work on /home/rohan/airflow/dags/project_dag.py
[2023-05-18T20:09:40.920+0200] {processor.py:758} INFO - Processing file /home/rohan/airflow/dags/project_dag.py for tasks to queue
[2023-05-18T20:09:40.921+0200] {logging_mixin.py:117} INFO - [2023-05-18T20:09:40.921+0200] {dagbag.py:525} INFO - Filling up the DagBag from /home/rohan/airflow/dags/project_dag.py
[2023-05-18T20:09:40.931+0200] {processor.py:768} INFO - DAG(s) dict_keys(['my_second_dag']) retrieved from /home/rohan/airflow/dags/project_dag.py
[2023-05-18T20:09:40.951+0200] {logging_mixin.py:117} INFO - [2023-05-18T20:09:40.951+0200] {dag.py:2573} INFO - Sync 1 DAGs
[2023-05-18T20:09:40.963+0200] {logging_mixin.py:117} INFO - [2023-05-18T20:09:40.963+0200] {dag.py:3324} INFO - Setting next_dagrun for my_second_dag to None, run_after=None
[2023-05-18T20:09:40.979+0200] {processor.py:178} INFO - Processing /home/rohan/airflow/dags/project_dag.py took 0.074 seconds
[2023-05-18T20:10:12.551+0200] {processor.py:156} INFO - Started process (PID=4122) to work on /home/rohan/airflow/dags/project_dag.py
[2023-05-18T20:10:12.563+0200] {processor.py:758} INFO - Processing file /home/rohan/airflow/dags/project_dag.py for tasks to queue
[2023-05-18T20:10:12.563+0200] {logging_mixin.py:117} INFO - [2023-05-18T20:10:12.563+0200] {dagbag.py:525} INFO - Filling up the DagBag from /home/rohan/airflow/dags/project_dag.py
[2023-05-18T20:10:12.573+0200] {processor.py:768} INFO - DAG(s) dict_keys(['my_second_dag']) retrieved from /home/rohan/airflow/dags/project_dag.py
[2023-05-18T20:10:12.591+0200] {logging_mixin.py:117} INFO - [2023-05-18T20:10:12.590+0200] {dag.py:2573} INFO - Sync 1 DAGs
[2023-05-18T20:10:12.605+0200] {logging_mixin.py:117} INFO - [2023-05-18T20:10:12.605+0200] {dag.py:3324} INFO - Setting next_dagrun for my_second_dag to None, run_after=None
[2023-05-18T20:10:12.621+0200] {processor.py:178} INFO - Processing /home/rohan/airflow/dags/project_dag.py took 0.072 seconds
[2023-05-18T20:10:42.962+0200] {processor.py:156} INFO - Started process (PID=4154) to work on /home/rohan/airflow/dags/project_dag.py
[2023-05-18T20:10:42.974+0200] {processor.py:758} INFO - Processing file /home/rohan/airflow/dags/project_dag.py for tasks to queue
[2023-05-18T20:10:42.975+0200] {logging_mixin.py:117} INFO - [2023-05-18T20:10:42.975+0200] {dagbag.py:525} INFO - Filling up the DagBag from /home/rohan/airflow/dags/project_dag.py
[2023-05-18T20:10:42.985+0200] {processor.py:768} INFO - DAG(s) dict_keys(['my_second_dag']) retrieved from /home/rohan/airflow/dags/project_dag.py
[2023-05-18T20:10:43.001+0200] {logging_mixin.py:117} INFO - [2023-05-18T20:10:43.001+0200] {dag.py:2573} INFO - Sync 1 DAGs
[2023-05-18T20:10:43.013+0200] {logging_mixin.py:117} INFO - [2023-05-18T20:10:43.013+0200] {dag.py:3324} INFO - Setting next_dagrun for my_second_dag to None, run_after=None
[2023-05-18T20:10:43.028+0200] {processor.py:178} INFO - Processing /home/rohan/airflow/dags/project_dag.py took 0.069 seconds
[2023-05-18T20:11:16.898+0200] {processor.py:156} INFO - Started process (PID=4189) to work on /home/rohan/airflow/dags/project_dag.py
[2023-05-18T20:11:16.899+0200] {processor.py:758} INFO - Processing file /home/rohan/airflow/dags/project_dag.py for tasks to queue
[2023-05-18T20:11:16.899+0200] {logging_mixin.py:117} INFO - [2023-05-18T20:11:16.899+0200] {dagbag.py:525} INFO - Filling up the DagBag from /home/rohan/airflow/dags/project_dag.py
[2023-05-18T20:11:16.908+0200] {processor.py:768} INFO - DAG(s) dict_keys(['my_second_dag']) retrieved from /home/rohan/airflow/dags/project_dag.py
[2023-05-18T20:11:16.924+0200] {logging_mixin.py:117} INFO - [2023-05-18T20:11:16.924+0200] {dag.py:2573} INFO - Sync 1 DAGs
[2023-05-18T20:11:16.935+0200] {logging_mixin.py:117} INFO - [2023-05-18T20:11:16.935+0200] {dag.py:3324} INFO - Setting next_dagrun for my_second_dag to None, run_after=None
[2023-05-18T20:11:16.962+0200] {processor.py:178} INFO - Processing /home/rohan/airflow/dags/project_dag.py took 0.067 seconds
[2023-05-18T20:11:53.748+0200] {processor.py:156} INFO - Started process (PID=4228) to work on /home/rohan/airflow/dags/project_dag.py
[2023-05-18T20:11:53.760+0200] {processor.py:758} INFO - Processing file /home/rohan/airflow/dags/project_dag.py for tasks to queue
[2023-05-18T20:11:53.761+0200] {logging_mixin.py:117} INFO - [2023-05-18T20:11:53.761+0200] {dagbag.py:525} INFO - Filling up the DagBag from /home/rohan/airflow/dags/project_dag.py
[2023-05-18T20:11:53.774+0200] {processor.py:768} INFO - DAG(s) dict_keys(['my_second_dag']) retrieved from /home/rohan/airflow/dags/project_dag.py
[2023-05-18T20:11:53.791+0200] {logging_mixin.py:117} INFO - [2023-05-18T20:11:53.790+0200] {dag.py:2573} INFO - Sync 1 DAGs
[2023-05-18T20:11:53.802+0200] {logging_mixin.py:117} INFO - [2023-05-18T20:11:53.801+0200] {dag.py:3324} INFO - Setting next_dagrun for my_second_dag to None, run_after=None
[2023-05-18T20:11:53.821+0200] {processor.py:178} INFO - Processing /home/rohan/airflow/dags/project_dag.py took 0.076 seconds
[2023-05-18T20:12:29.669+0200] {processor.py:156} INFO - Started process (PID=4468) to work on /home/rohan/airflow/dags/project_dag.py
[2023-05-18T20:12:29.671+0200] {processor.py:758} INFO - Processing file /home/rohan/airflow/dags/project_dag.py for tasks to queue
[2023-05-18T20:12:29.671+0200] {logging_mixin.py:117} INFO - [2023-05-18T20:12:29.671+0200] {dagbag.py:525} INFO - Filling up the DagBag from /home/rohan/airflow/dags/project_dag.py
[2023-05-18T20:12:29.684+0200] {processor.py:768} INFO - DAG(s) dict_keys(['my_second_dag']) retrieved from /home/rohan/airflow/dags/project_dag.py
[2023-05-18T20:12:29.699+0200] {logging_mixin.py:117} INFO - [2023-05-18T20:12:29.699+0200] {dag.py:2573} INFO - Sync 1 DAGs
[2023-05-18T20:12:29.713+0200] {logging_mixin.py:117} INFO - [2023-05-18T20:12:29.712+0200] {dag.py:3324} INFO - Setting next_dagrun for my_second_dag to None, run_after=None
[2023-05-18T20:12:29.734+0200] {processor.py:178} INFO - Processing /home/rohan/airflow/dags/project_dag.py took 0.067 seconds
[2023-05-18T20:13:01.263+0200] {processor.py:156} INFO - Started process (PID=4504) to work on /home/rohan/airflow/dags/project_dag.py
[2023-05-18T20:13:01.275+0200] {processor.py:758} INFO - Processing file /home/rohan/airflow/dags/project_dag.py for tasks to queue
[2023-05-18T20:13:01.275+0200] {logging_mixin.py:117} INFO - [2023-05-18T20:13:01.275+0200] {dagbag.py:525} INFO - Filling up the DagBag from /home/rohan/airflow/dags/project_dag.py
[2023-05-18T20:13:01.286+0200] {processor.py:768} INFO - DAG(s) dict_keys(['my_second_dag']) retrieved from /home/rohan/airflow/dags/project_dag.py
[2023-05-18T20:13:01.302+0200] {logging_mixin.py:117} INFO - [2023-05-18T20:13:01.302+0200] {dag.py:2573} INFO - Sync 1 DAGs
[2023-05-18T20:13:01.316+0200] {logging_mixin.py:117} INFO - [2023-05-18T20:13:01.316+0200] {dag.py:3324} INFO - Setting next_dagrun for my_second_dag to None, run_after=None
[2023-05-18T20:13:01.334+0200] {processor.py:178} INFO - Processing /home/rohan/airflow/dags/project_dag.py took 0.074 seconds
[2023-05-18T20:14:38.869+0200] {processor.py:156} INFO - Started process (PID=4553) to work on /home/rohan/airflow/dags/project_dag.py
[2023-05-18T20:14:38.870+0200] {processor.py:758} INFO - Processing file /home/rohan/airflow/dags/project_dag.py for tasks to queue
[2023-05-18T20:14:38.870+0200] {logging_mixin.py:117} INFO - [2023-05-18T20:14:38.870+0200] {dagbag.py:525} INFO - Filling up the DagBag from /home/rohan/airflow/dags/project_dag.py
[2023-05-18T20:14:38.885+0200] {processor.py:768} INFO - DAG(s) dict_keys(['my_second_dag']) retrieved from /home/rohan/airflow/dags/project_dag.py
[2023-05-18T20:14:38.894+0200] {logging_mixin.py:117} INFO - [2023-05-18T20:14:38.893+0200] {dag.py:2573} INFO - Sync 1 DAGs
[2023-05-18T20:14:38.907+0200] {logging_mixin.py:117} INFO - [2023-05-18T20:14:38.906+0200] {dag.py:3324} INFO - Setting next_dagrun for my_second_dag to None, run_after=None
[2023-05-18T20:14:38.930+0200] {processor.py:178} INFO - Processing /home/rohan/airflow/dags/project_dag.py took 0.064 seconds
[2023-05-18T20:15:14.393+0200] {processor.py:156} INFO - Started process (PID=4591) to work on /home/rohan/airflow/dags/project_dag.py
[2023-05-18T20:15:14.395+0200] {processor.py:758} INFO - Processing file /home/rohan/airflow/dags/project_dag.py for tasks to queue
[2023-05-18T20:15:14.395+0200] {logging_mixin.py:117} INFO - [2023-05-18T20:15:14.395+0200] {dagbag.py:525} INFO - Filling up the DagBag from /home/rohan/airflow/dags/project_dag.py
[2023-05-18T20:15:14.409+0200] {processor.py:768} INFO - DAG(s) dict_keys(['my_second_dag']) retrieved from /home/rohan/airflow/dags/project_dag.py
[2023-05-18T20:15:14.429+0200] {logging_mixin.py:117} INFO - [2023-05-18T20:15:14.429+0200] {dag.py:2573} INFO - Sync 1 DAGs
[2023-05-18T20:15:14.447+0200] {logging_mixin.py:117} INFO - [2023-05-18T20:15:14.447+0200] {dag.py:3324} INFO - Setting next_dagrun for my_second_dag to None, run_after=None
[2023-05-18T20:15:14.471+0200] {processor.py:178} INFO - Processing /home/rohan/airflow/dags/project_dag.py took 0.080 seconds
[2023-05-18T20:15:44.825+0200] {processor.py:156} INFO - Started process (PID=4640) to work on /home/rohan/airflow/dags/project_dag.py
[2023-05-18T20:15:44.826+0200] {processor.py:758} INFO - Processing file /home/rohan/airflow/dags/project_dag.py for tasks to queue
[2023-05-18T20:15:44.827+0200] {logging_mixin.py:117} INFO - [2023-05-18T20:15:44.827+0200] {dagbag.py:525} INFO - Filling up the DagBag from /home/rohan/airflow/dags/project_dag.py
[2023-05-18T20:15:44.846+0200] {processor.py:768} INFO - DAG(s) dict_keys(['my_second_dag']) retrieved from /home/rohan/airflow/dags/project_dag.py
[2023-05-18T20:15:44.876+0200] {logging_mixin.py:117} INFO - [2023-05-18T20:15:44.876+0200] {dag.py:2573} INFO - Sync 1 DAGs
[2023-05-18T20:15:44.907+0200] {logging_mixin.py:117} INFO - [2023-05-18T20:15:44.907+0200] {dag.py:3324} INFO - Setting next_dagrun for my_second_dag to None, run_after=None
[2023-05-18T20:15:44.931+0200] {processor.py:178} INFO - Processing /home/rohan/airflow/dags/project_dag.py took 0.108 seconds
[2023-05-18T20:16:17.251+0200] {processor.py:156} INFO - Started process (PID=6094) to work on /home/rohan/airflow/dags/project_dag.py
[2023-05-18T20:16:17.263+0200] {processor.py:758} INFO - Processing file /home/rohan/airflow/dags/project_dag.py for tasks to queue
[2023-05-18T20:16:17.264+0200] {logging_mixin.py:117} INFO - [2023-05-18T20:16:17.264+0200] {dagbag.py:525} INFO - Filling up the DagBag from /home/rohan/airflow/dags/project_dag.py
[2023-05-18T20:16:17.274+0200] {processor.py:768} INFO - DAG(s) dict_keys(['my_second_dag']) retrieved from /home/rohan/airflow/dags/project_dag.py
[2023-05-18T20:16:17.290+0200] {logging_mixin.py:117} INFO - [2023-05-18T20:16:17.289+0200] {dag.py:2573} INFO - Sync 1 DAGs
[2023-05-18T20:16:17.302+0200] {logging_mixin.py:117} INFO - [2023-05-18T20:16:17.301+0200] {dag.py:3324} INFO - Setting next_dagrun for my_second_dag to None, run_after=None
[2023-05-18T20:16:17.320+0200] {processor.py:178} INFO - Processing /home/rohan/airflow/dags/project_dag.py took 0.071 seconds
[2023-05-18T20:16:49.257+0200] {processor.py:156} INFO - Started process (PID=6217) to work on /home/rohan/airflow/dags/project_dag.py
[2023-05-18T20:16:49.258+0200] {processor.py:758} INFO - Processing file /home/rohan/airflow/dags/project_dag.py for tasks to queue
[2023-05-18T20:16:49.258+0200] {logging_mixin.py:117} INFO - [2023-05-18T20:16:49.258+0200] {dagbag.py:525} INFO - Filling up the DagBag from /home/rohan/airflow/dags/project_dag.py
[2023-05-18T20:16:49.270+0200] {processor.py:768} INFO - DAG(s) dict_keys(['my_second_dag']) retrieved from /home/rohan/airflow/dags/project_dag.py
[2023-05-18T20:16:49.289+0200] {logging_mixin.py:117} INFO - [2023-05-18T20:16:49.289+0200] {dag.py:2573} INFO - Sync 1 DAGs
[2023-05-18T20:16:49.303+0200] {logging_mixin.py:117} INFO - [2023-05-18T20:16:49.303+0200] {dag.py:3324} INFO - Setting next_dagrun for my_second_dag to None, run_after=None
[2023-05-18T20:16:49.319+0200] {processor.py:178} INFO - Processing /home/rohan/airflow/dags/project_dag.py took 0.064 seconds
[2023-05-18T20:17:20.093+0200] {processor.py:156} INFO - Started process (PID=6281) to work on /home/rohan/airflow/dags/project_dag.py
[2023-05-18T20:17:20.094+0200] {processor.py:758} INFO - Processing file /home/rohan/airflow/dags/project_dag.py for tasks to queue
[2023-05-18T20:17:20.095+0200] {logging_mixin.py:117} INFO - [2023-05-18T20:17:20.095+0200] {dagbag.py:525} INFO - Filling up the DagBag from /home/rohan/airflow/dags/project_dag.py
[2023-05-18T20:17:20.106+0200] {processor.py:768} INFO - DAG(s) dict_keys(['my_second_dag']) retrieved from /home/rohan/airflow/dags/project_dag.py
[2023-05-18T20:17:20.124+0200] {logging_mixin.py:117} INFO - [2023-05-18T20:17:20.124+0200] {dag.py:2573} INFO - Sync 1 DAGs
[2023-05-18T20:17:20.137+0200] {logging_mixin.py:117} INFO - [2023-05-18T20:17:20.137+0200] {dag.py:3324} INFO - Setting next_dagrun for my_second_dag to None, run_after=None
[2023-05-18T20:17:20.155+0200] {processor.py:178} INFO - Processing /home/rohan/airflow/dags/project_dag.py took 0.065 seconds
[2023-05-18T20:17:54.897+0200] {processor.py:156} INFO - Started process (PID=6317) to work on /home/rohan/airflow/dags/project_dag.py
[2023-05-18T20:17:54.909+0200] {processor.py:758} INFO - Processing file /home/rohan/airflow/dags/project_dag.py for tasks to queue
[2023-05-18T20:17:54.910+0200] {logging_mixin.py:117} INFO - [2023-05-18T20:17:54.909+0200] {dagbag.py:525} INFO - Filling up the DagBag from /home/rohan/airflow/dags/project_dag.py
[2023-05-18T20:17:54.919+0200] {processor.py:768} INFO - DAG(s) dict_keys(['my_second_dag']) retrieved from /home/rohan/airflow/dags/project_dag.py
[2023-05-18T20:17:54.935+0200] {logging_mixin.py:117} INFO - [2023-05-18T20:17:54.935+0200] {dag.py:2573} INFO - Sync 1 DAGs
[2023-05-18T20:17:54.946+0200] {logging_mixin.py:117} INFO - [2023-05-18T20:17:54.945+0200] {dag.py:3324} INFO - Setting next_dagrun for my_second_dag to None, run_after=None
[2023-05-18T20:17:54.961+0200] {processor.py:178} INFO - Processing /home/rohan/airflow/dags/project_dag.py took 0.067 seconds
[2023-05-18T20:18:28.021+0200] {processor.py:156} INFO - Started process (PID=6353) to work on /home/rohan/airflow/dags/project_dag.py
[2023-05-18T20:18:28.032+0200] {processor.py:758} INFO - Processing file /home/rohan/airflow/dags/project_dag.py for tasks to queue
[2023-05-18T20:18:28.033+0200] {logging_mixin.py:117} INFO - [2023-05-18T20:18:28.033+0200] {dagbag.py:525} INFO - Filling up the DagBag from /home/rohan/airflow/dags/project_dag.py
[2023-05-18T20:18:28.043+0200] {processor.py:768} INFO - DAG(s) dict_keys(['my_second_dag']) retrieved from /home/rohan/airflow/dags/project_dag.py
[2023-05-18T20:18:28.058+0200] {logging_mixin.py:117} INFO - [2023-05-18T20:18:28.058+0200] {dag.py:2573} INFO - Sync 1 DAGs
[2023-05-18T20:18:28.069+0200] {logging_mixin.py:117} INFO - [2023-05-18T20:18:28.069+0200] {dag.py:3324} INFO - Setting next_dagrun for my_second_dag to None, run_after=None
[2023-05-18T20:18:28.084+0200] {processor.py:178} INFO - Processing /home/rohan/airflow/dags/project_dag.py took 0.067 seconds
[2023-05-18T20:19:00.555+0200] {processor.py:156} INFO - Started process (PID=6388) to work on /home/rohan/airflow/dags/project_dag.py
[2023-05-18T20:19:00.556+0200] {processor.py:758} INFO - Processing file /home/rohan/airflow/dags/project_dag.py for tasks to queue
[2023-05-18T20:19:00.557+0200] {logging_mixin.py:117} INFO - [2023-05-18T20:19:00.557+0200] {dagbag.py:525} INFO - Filling up the DagBag from /home/rohan/airflow/dags/project_dag.py
[2023-05-18T20:19:00.567+0200] {processor.py:768} INFO - DAG(s) dict_keys(['my_second_dag']) retrieved from /home/rohan/airflow/dags/project_dag.py
[2023-05-18T20:19:00.585+0200] {logging_mixin.py:117} INFO - [2023-05-18T20:19:00.585+0200] {dag.py:2573} INFO - Sync 1 DAGs
[2023-05-18T20:19:00.598+0200] {logging_mixin.py:117} INFO - [2023-05-18T20:19:00.597+0200] {dag.py:3324} INFO - Setting next_dagrun for my_second_dag to None, run_after=None
[2023-05-18T20:19:00.618+0200] {processor.py:178} INFO - Processing /home/rohan/airflow/dags/project_dag.py took 0.065 seconds
[2023-05-18T20:19:36.935+0200] {processor.py:156} INFO - Started process (PID=6516) to work on /home/rohan/airflow/dags/project_dag.py
[2023-05-18T20:19:36.947+0200] {processor.py:758} INFO - Processing file /home/rohan/airflow/dags/project_dag.py for tasks to queue
[2023-05-18T20:19:36.948+0200] {logging_mixin.py:117} INFO - [2023-05-18T20:19:36.947+0200] {dagbag.py:525} INFO - Filling up the DagBag from /home/rohan/airflow/dags/project_dag.py
[2023-05-18T20:19:36.958+0200] {processor.py:768} INFO - DAG(s) dict_keys(['my_second_dag']) retrieved from /home/rohan/airflow/dags/project_dag.py
[2023-05-18T20:19:36.973+0200] {logging_mixin.py:117} INFO - [2023-05-18T20:19:36.973+0200] {dag.py:2573} INFO - Sync 1 DAGs
[2023-05-18T20:19:36.984+0200] {logging_mixin.py:117} INFO - [2023-05-18T20:19:36.983+0200] {dag.py:3324} INFO - Setting next_dagrun for my_second_dag to None, run_after=None
[2023-05-18T20:19:37.003+0200] {processor.py:178} INFO - Processing /home/rohan/airflow/dags/project_dag.py took 0.070 seconds
[2023-05-18T20:20:11.563+0200] {processor.py:156} INFO - Started process (PID=6735) to work on /home/rohan/airflow/dags/project_dag.py
[2023-05-18T20:20:11.565+0200] {processor.py:758} INFO - Processing file /home/rohan/airflow/dags/project_dag.py for tasks to queue
[2023-05-18T20:20:11.566+0200] {logging_mixin.py:117} INFO - [2023-05-18T20:20:11.565+0200] {dagbag.py:525} INFO - Filling up the DagBag from /home/rohan/airflow/dags/project_dag.py
[2023-05-18T20:20:11.579+0200] {processor.py:768} INFO - DAG(s) dict_keys(['my_second_dag']) retrieved from /home/rohan/airflow/dags/project_dag.py
[2023-05-18T20:20:11.601+0200] {logging_mixin.py:117} INFO - [2023-05-18T20:20:11.601+0200] {dag.py:2573} INFO - Sync 1 DAGs
[2023-05-18T20:20:11.621+0200] {logging_mixin.py:117} INFO - [2023-05-18T20:20:11.621+0200] {dag.py:3324} INFO - Setting next_dagrun for my_second_dag to None, run_after=None
[2023-05-18T20:20:11.643+0200] {processor.py:178} INFO - Processing /home/rohan/airflow/dags/project_dag.py took 0.083 seconds
[2023-05-18T20:20:41.925+0200] {processor.py:156} INFO - Started process (PID=6967) to work on /home/rohan/airflow/dags/project_dag.py
[2023-05-18T20:20:41.926+0200] {processor.py:758} INFO - Processing file /home/rohan/airflow/dags/project_dag.py for tasks to queue
[2023-05-18T20:20:41.927+0200] {logging_mixin.py:117} INFO - [2023-05-18T20:20:41.926+0200] {dagbag.py:525} INFO - Filling up the DagBag from /home/rohan/airflow/dags/project_dag.py
[2023-05-18T20:20:41.938+0200] {processor.py:768} INFO - DAG(s) dict_keys(['my_second_dag']) retrieved from /home/rohan/airflow/dags/project_dag.py
[2023-05-18T20:20:41.959+0200] {logging_mixin.py:117} INFO - [2023-05-18T20:20:41.958+0200] {dag.py:2573} INFO - Sync 1 DAGs
[2023-05-18T20:20:41.975+0200] {logging_mixin.py:117} INFO - [2023-05-18T20:20:41.975+0200] {dag.py:3324} INFO - Setting next_dagrun for my_second_dag to None, run_after=None
[2023-05-18T20:20:41.993+0200] {processor.py:178} INFO - Processing /home/rohan/airflow/dags/project_dag.py took 0.069 seconds
[2023-05-18T20:21:20.502+0200] {processor.py:156} INFO - Started process (PID=8359) to work on /home/rohan/airflow/dags/project_dag.py
[2023-05-18T20:21:20.503+0200] {processor.py:758} INFO - Processing file /home/rohan/airflow/dags/project_dag.py for tasks to queue
[2023-05-18T20:21:20.503+0200] {logging_mixin.py:117} INFO - [2023-05-18T20:21:20.503+0200] {dagbag.py:525} INFO - Filling up the DagBag from /home/rohan/airflow/dags/project_dag.py
[2023-05-18T20:21:20.516+0200] {processor.py:768} INFO - DAG(s) dict_keys(['my_second_dag']) retrieved from /home/rohan/airflow/dags/project_dag.py
[2023-05-18T20:21:20.538+0200] {logging_mixin.py:117} INFO - [2023-05-18T20:21:20.537+0200] {dag.py:2573} INFO - Sync 1 DAGs
[2023-05-18T20:21:20.551+0200] {logging_mixin.py:117} INFO - [2023-05-18T20:21:20.551+0200] {dag.py:3324} INFO - Setting next_dagrun for my_second_dag to None, run_after=None
[2023-05-18T20:21:20.579+0200] {processor.py:178} INFO - Processing /home/rohan/airflow/dags/project_dag.py took 0.080 seconds
[2023-05-18T20:21:56.325+0200] {processor.py:156} INFO - Started process (PID=8397) to work on /home/rohan/airflow/dags/project_dag.py
[2023-05-18T20:21:56.327+0200] {processor.py:758} INFO - Processing file /home/rohan/airflow/dags/project_dag.py for tasks to queue
[2023-05-18T20:21:56.327+0200] {logging_mixin.py:117} INFO - [2023-05-18T20:21:56.327+0200] {dagbag.py:525} INFO - Filling up the DagBag from /home/rohan/airflow/dags/project_dag.py
[2023-05-18T20:21:56.336+0200] {processor.py:768} INFO - DAG(s) dict_keys(['my_second_dag']) retrieved from /home/rohan/airflow/dags/project_dag.py
[2023-05-18T20:21:56.352+0200] {logging_mixin.py:117} INFO - [2023-05-18T20:21:56.351+0200] {dag.py:2573} INFO - Sync 1 DAGs
[2023-05-18T20:21:56.362+0200] {logging_mixin.py:117} INFO - [2023-05-18T20:21:56.362+0200] {dag.py:3324} INFO - Setting next_dagrun for my_second_dag to None, run_after=None
[2023-05-18T20:21:56.381+0200] {processor.py:178} INFO - Processing /home/rohan/airflow/dags/project_dag.py took 0.060 seconds
[2023-05-18T20:22:29.079+0200] {processor.py:156} INFO - Started process (PID=8617) to work on /home/rohan/airflow/dags/project_dag.py
[2023-05-18T20:22:29.080+0200] {processor.py:758} INFO - Processing file /home/rohan/airflow/dags/project_dag.py for tasks to queue
[2023-05-18T20:22:29.081+0200] {logging_mixin.py:117} INFO - [2023-05-18T20:22:29.080+0200] {dagbag.py:525} INFO - Filling up the DagBag from /home/rohan/airflow/dags/project_dag.py
[2023-05-18T20:22:29.091+0200] {processor.py:768} INFO - DAG(s) dict_keys(['my_second_dag']) retrieved from /home/rohan/airflow/dags/project_dag.py
[2023-05-18T20:22:29.111+0200] {logging_mixin.py:117} INFO - [2023-05-18T20:22:29.111+0200] {dag.py:2573} INFO - Sync 1 DAGs
[2023-05-18T20:22:29.123+0200] {logging_mixin.py:117} INFO - [2023-05-18T20:22:29.123+0200] {dag.py:3324} INFO - Setting next_dagrun for my_second_dag to None, run_after=None
[2023-05-18T20:22:29.140+0200] {processor.py:178} INFO - Processing /home/rohan/airflow/dags/project_dag.py took 0.064 seconds
[2023-05-18T20:22:54.367+0200] {processor.py:156} INFO - Started process (PID=8814) to work on /home/rohan/airflow/dags/project_dag.py
[2023-05-18T20:22:54.379+0200] {processor.py:758} INFO - Processing file /home/rohan/airflow/dags/project_dag.py for tasks to queue
[2023-05-18T20:22:54.380+0200] {logging_mixin.py:117} INFO - [2023-05-18T20:22:54.379+0200] {dagbag.py:525} INFO - Filling up the DagBag from /home/rohan/airflow/dags/project_dag.py
[2023-05-18T20:22:54.391+0200] {processor.py:768} INFO - DAG(s) dict_keys(['my_first_dag']) retrieved from /home/rohan/airflow/dags/project_dag.py
[2023-05-18T20:22:54.423+0200] {logging_mixin.py:117} INFO - [2023-05-18T20:22:54.423+0200] {dag.py:2573} INFO - Sync 1 DAGs
[2023-05-18T20:22:54.435+0200] {logging_mixin.py:117} INFO - [2023-05-18T20:22:54.435+0200] {dag.py:3324} INFO - Setting next_dagrun for my_first_dag to None, run_after=None
[2023-05-18T20:22:54.454+0200] {processor.py:178} INFO - Processing /home/rohan/airflow/dags/project_dag.py took 0.090 seconds
[2023-05-18T20:23:03.452+0200] {processor.py:156} INFO - Started process (PID=8823) to work on /home/rohan/airflow/dags/project_dag.py
[2023-05-18T20:23:03.453+0200] {processor.py:758} INFO - Processing file /home/rohan/airflow/dags/project_dag.py for tasks to queue
[2023-05-18T20:23:03.453+0200] {logging_mixin.py:117} INFO - [2023-05-18T20:23:03.453+0200] {dagbag.py:525} INFO - Filling up the DagBag from /home/rohan/airflow/dags/project_dag.py
[2023-05-18T20:23:03.464+0200] {processor.py:768} INFO - DAG(s) dict_keys(['my_first_dag']) retrieved from /home/rohan/airflow/dags/project_dag.py
[2023-05-18T20:23:03.474+0200] {logging_mixin.py:117} INFO - [2023-05-18T20:23:03.474+0200] {dag.py:2573} INFO - Sync 1 DAGs
[2023-05-18T20:23:03.487+0200] {logging_mixin.py:117} INFO - [2023-05-18T20:23:03.487+0200] {dag.py:3324} INFO - Setting next_dagrun for my_first_dag to None, run_after=None
[2023-05-18T20:23:03.507+0200] {processor.py:178} INFO - Processing /home/rohan/airflow/dags/project_dag.py took 0.058 seconds
[2023-05-18T20:23:13.353+0200] {processor.py:156} INFO - Started process (PID=8981) to work on /home/rohan/airflow/dags/project_dag.py
[2023-05-18T20:23:13.365+0200] {processor.py:758} INFO - Processing file /home/rohan/airflow/dags/project_dag.py for tasks to queue
[2023-05-18T20:23:13.366+0200] {logging_mixin.py:117} INFO - [2023-05-18T20:23:13.366+0200] {dagbag.py:525} INFO - Filling up the DagBag from /home/rohan/airflow/dags/project_dag.py
[2023-05-18T20:23:13.378+0200] {processor.py:768} INFO - DAG(s) dict_keys(['my_first_dag']) retrieved from /home/rohan/airflow/dags/project_dag.py
[2023-05-18T20:23:13.389+0200] {logging_mixin.py:117} INFO - [2023-05-18T20:23:13.388+0200] {dag.py:2573} INFO - Sync 1 DAGs
[2023-05-18T20:23:13.402+0200] {logging_mixin.py:117} INFO - [2023-05-18T20:23:13.401+0200] {dag.py:3324} INFO - Setting next_dagrun for my_first_dag to None, run_after=None
[2023-05-18T20:23:13.420+0200] {processor.py:178} INFO - Processing /home/rohan/airflow/dags/project_dag.py took 0.071 seconds
[2023-05-18T20:23:25.176+0200] {processor.py:156} INFO - Started process (PID=8993) to work on /home/rohan/airflow/dags/project_dag.py
[2023-05-18T20:23:25.178+0200] {processor.py:758} INFO - Processing file /home/rohan/airflow/dags/project_dag.py for tasks to queue
[2023-05-18T20:23:25.180+0200] {logging_mixin.py:117} INFO - [2023-05-18T20:23:25.179+0200] {dagbag.py:525} INFO - Filling up the DagBag from /home/rohan/airflow/dags/project_dag.py
[2023-05-18T20:23:25.194+0200] {processor.py:768} INFO - DAG(s) dict_keys(['my_first_dag']) retrieved from /home/rohan/airflow/dags/project_dag.py
[2023-05-18T20:23:25.214+0200] {logging_mixin.py:117} INFO - [2023-05-18T20:23:25.214+0200] {dag.py:2573} INFO - Sync 1 DAGs
[2023-05-18T20:23:25.229+0200] {logging_mixin.py:117} INFO - [2023-05-18T20:23:25.229+0200] {dag.py:3324} INFO - Setting next_dagrun for my_first_dag to None, run_after=None
[2023-05-18T20:23:25.252+0200] {processor.py:178} INFO - Processing /home/rohan/airflow/dags/project_dag.py took 0.078 seconds
[2023-05-18T20:23:36.240+0200] {processor.py:156} INFO - Started process (PID=9005) to work on /home/rohan/airflow/dags/project_dag.py
[2023-05-18T20:23:36.241+0200] {processor.py:758} INFO - Processing file /home/rohan/airflow/dags/project_dag.py for tasks to queue
[2023-05-18T20:23:36.242+0200] {logging_mixin.py:117} INFO - [2023-05-18T20:23:36.241+0200] {dagbag.py:525} INFO - Filling up the DagBag from /home/rohan/airflow/dags/project_dag.py
[2023-05-18T20:23:36.252+0200] {processor.py:768} INFO - DAG(s) dict_keys(['my_first_dag']) retrieved from /home/rohan/airflow/dags/project_dag.py
[2023-05-18T20:23:36.261+0200] {logging_mixin.py:117} INFO - [2023-05-18T20:23:36.261+0200] {dag.py:2573} INFO - Sync 1 DAGs
[2023-05-18T20:23:36.274+0200] {logging_mixin.py:117} INFO - [2023-05-18T20:23:36.273+0200] {dag.py:3324} INFO - Setting next_dagrun for my_first_dag to None, run_after=None
[2023-05-18T20:23:36.291+0200] {processor.py:178} INFO - Processing /home/rohan/airflow/dags/project_dag.py took 0.054 seconds
[2023-05-18T20:23:47.506+0200] {processor.py:156} INFO - Started process (PID=9016) to work on /home/rohan/airflow/dags/project_dag.py
[2023-05-18T20:23:47.507+0200] {processor.py:758} INFO - Processing file /home/rohan/airflow/dags/project_dag.py for tasks to queue
[2023-05-18T20:23:47.507+0200] {logging_mixin.py:117} INFO - [2023-05-18T20:23:47.507+0200] {dagbag.py:525} INFO - Filling up the DagBag from /home/rohan/airflow/dags/project_dag.py
[2023-05-18T20:23:47.520+0200] {processor.py:768} INFO - DAG(s) dict_keys(['my_first_dag']) retrieved from /home/rohan/airflow/dags/project_dag.py
[2023-05-18T20:23:47.531+0200] {logging_mixin.py:117} INFO - [2023-05-18T20:23:47.531+0200] {dag.py:2573} INFO - Sync 1 DAGs
[2023-05-18T20:23:47.544+0200] {logging_mixin.py:117} INFO - [2023-05-18T20:23:47.544+0200] {dag.py:3324} INFO - Setting next_dagrun for my_first_dag to None, run_after=None
[2023-05-18T20:23:47.568+0200] {processor.py:178} INFO - Processing /home/rohan/airflow/dags/project_dag.py took 0.064 seconds
[2023-05-18T20:23:58.643+0200] {processor.py:156} INFO - Started process (PID=9027) to work on /home/rohan/airflow/dags/project_dag.py
[2023-05-18T20:23:58.644+0200] {processor.py:758} INFO - Processing file /home/rohan/airflow/dags/project_dag.py for tasks to queue
[2023-05-18T20:23:58.644+0200] {logging_mixin.py:117} INFO - [2023-05-18T20:23:58.644+0200] {dagbag.py:525} INFO - Filling up the DagBag from /home/rohan/airflow/dags/project_dag.py
[2023-05-18T20:23:58.655+0200] {processor.py:768} INFO - DAG(s) dict_keys(['my_first_dag']) retrieved from /home/rohan/airflow/dags/project_dag.py
[2023-05-18T20:23:58.688+0200] {logging_mixin.py:117} INFO - [2023-05-18T20:23:58.688+0200] {dag.py:2573} INFO - Sync 1 DAGs
[2023-05-18T20:23:58.698+0200] {logging_mixin.py:117} INFO - [2023-05-18T20:23:58.698+0200] {dag.py:3324} INFO - Setting next_dagrun for my_first_dag to None, run_after=None
[2023-05-18T20:23:58.718+0200] {processor.py:178} INFO - Processing /home/rohan/airflow/dags/project_dag.py took 0.077 seconds
[2023-05-18T20:24:09.010+0200] {processor.py:156} INFO - Started process (PID=9038) to work on /home/rohan/airflow/dags/project_dag.py
[2023-05-18T20:24:09.012+0200] {processor.py:758} INFO - Processing file /home/rohan/airflow/dags/project_dag.py for tasks to queue
[2023-05-18T20:24:09.012+0200] {logging_mixin.py:117} INFO - [2023-05-18T20:24:09.012+0200] {dagbag.py:525} INFO - Filling up the DagBag from /home/rohan/airflow/dags/project_dag.py
[2023-05-18T20:24:09.023+0200] {processor.py:768} INFO - DAG(s) dict_keys(['my_first_dag']) retrieved from /home/rohan/airflow/dags/project_dag.py
[2023-05-18T20:24:09.032+0200] {logging_mixin.py:117} INFO - [2023-05-18T20:24:09.032+0200] {dag.py:2573} INFO - Sync 1 DAGs
[2023-05-18T20:24:09.045+0200] {logging_mixin.py:117} INFO - [2023-05-18T20:24:09.044+0200] {dag.py:3324} INFO - Setting next_dagrun for my_first_dag to None, run_after=None
[2023-05-18T20:24:09.063+0200] {processor.py:178} INFO - Processing /home/rohan/airflow/dags/project_dag.py took 0.055 seconds
[2023-05-18T20:24:18.009+0200] {processor.py:156} INFO - Started process (PID=9048) to work on /home/rohan/airflow/dags/project_dag.py
[2023-05-18T20:24:18.010+0200] {processor.py:758} INFO - Processing file /home/rohan/airflow/dags/project_dag.py for tasks to queue
[2023-05-18T20:24:18.011+0200] {logging_mixin.py:117} INFO - [2023-05-18T20:24:18.011+0200] {dagbag.py:525} INFO - Filling up the DagBag from /home/rohan/airflow/dags/project_dag.py
[2023-05-18T20:24:18.021+0200] {processor.py:768} INFO - DAG(s) dict_keys(['my_first_dag']) retrieved from /home/rohan/airflow/dags/project_dag.py
[2023-05-18T20:24:18.031+0200] {logging_mixin.py:117} INFO - [2023-05-18T20:24:18.031+0200] {dag.py:2573} INFO - Sync 1 DAGs
[2023-05-18T20:24:18.046+0200] {logging_mixin.py:117} INFO - [2023-05-18T20:24:18.045+0200] {dag.py:3324} INFO - Setting next_dagrun for my_first_dag to None, run_after=None
[2023-05-18T20:24:18.067+0200] {processor.py:178} INFO - Processing /home/rohan/airflow/dags/project_dag.py took 0.060 seconds
[2023-05-18T20:24:35.263+0200] {processor.py:156} INFO - Started process (PID=9075) to work on /home/rohan/airflow/dags/project_dag.py
[2023-05-18T20:24:35.264+0200] {processor.py:758} INFO - Processing file /home/rohan/airflow/dags/project_dag.py for tasks to queue
[2023-05-18T20:24:35.264+0200] {logging_mixin.py:117} INFO - [2023-05-18T20:24:35.264+0200] {dagbag.py:525} INFO - Filling up the DagBag from /home/rohan/airflow/dags/project_dag.py
[2023-05-18T20:24:35.273+0200] {processor.py:768} INFO - DAG(s) dict_keys(['my_first_dag']) retrieved from /home/rohan/airflow/dags/project_dag.py
[2023-05-18T20:24:35.288+0200] {logging_mixin.py:117} INFO - [2023-05-18T20:24:35.288+0200] {dag.py:2573} INFO - Sync 1 DAGs
[2023-05-18T20:24:35.300+0200] {logging_mixin.py:117} INFO - [2023-05-18T20:24:35.299+0200] {dag.py:3324} INFO - Setting next_dagrun for my_first_dag to None, run_after=None
[2023-05-18T20:24:35.317+0200] {processor.py:178} INFO - Processing /home/rohan/airflow/dags/project_dag.py took 0.056 seconds
[2023-05-18T20:25:08.530+0200] {processor.py:156} INFO - Started process (PID=9128) to work on /home/rohan/airflow/dags/project_dag.py
[2023-05-18T20:25:08.532+0200] {processor.py:758} INFO - Processing file /home/rohan/airflow/dags/project_dag.py for tasks to queue
[2023-05-18T20:25:08.533+0200] {logging_mixin.py:117} INFO - [2023-05-18T20:25:08.533+0200] {dagbag.py:525} INFO - Filling up the DagBag from /home/rohan/airflow/dags/project_dag.py
[2023-05-18T20:25:08.543+0200] {processor.py:768} INFO - DAG(s) dict_keys(['my_first_dag']) retrieved from /home/rohan/airflow/dags/project_dag.py
[2023-05-18T20:25:08.573+0200] {logging_mixin.py:117} INFO - [2023-05-18T20:25:08.573+0200] {dag.py:2573} INFO - Sync 1 DAGs
[2023-05-18T20:25:08.583+0200] {logging_mixin.py:117} INFO - [2023-05-18T20:25:08.583+0200] {dag.py:3324} INFO - Setting next_dagrun for my_first_dag to None, run_after=None
[2023-05-18T20:25:08.600+0200] {processor.py:178} INFO - Processing /home/rohan/airflow/dags/project_dag.py took 0.072 seconds
[2023-05-18T20:25:32.405+0200] {processor.py:156} INFO - Started process (PID=9154) to work on /home/rohan/airflow/dags/project_dag.py
[2023-05-18T20:25:32.406+0200] {processor.py:758} INFO - Processing file /home/rohan/airflow/dags/project_dag.py for tasks to queue
[2023-05-18T20:25:32.407+0200] {logging_mixin.py:117} INFO - [2023-05-18T20:25:32.407+0200] {dagbag.py:525} INFO - Filling up the DagBag from /home/rohan/airflow/dags/project_dag.py
[2023-05-18T20:25:32.417+0200] {processor.py:768} INFO - DAG(s) dict_keys(['my_first_dag']) retrieved from /home/rohan/airflow/dags/project_dag.py
[2023-05-18T20:25:32.426+0200] {logging_mixin.py:117} INFO - [2023-05-18T20:25:32.426+0200] {dag.py:2573} INFO - Sync 1 DAGs
[2023-05-18T20:25:32.438+0200] {logging_mixin.py:117} INFO - [2023-05-18T20:25:32.438+0200] {dag.py:3324} INFO - Setting next_dagrun for my_first_dag to None, run_after=None
[2023-05-18T20:25:32.458+0200] {processor.py:178} INFO - Processing /home/rohan/airflow/dags/project_dag.py took 0.056 seconds
[2023-05-18T20:25:43.304+0200] {processor.py:156} INFO - Started process (PID=9166) to work on /home/rohan/airflow/dags/project_dag.py
[2023-05-18T20:25:43.304+0200] {processor.py:758} INFO - Processing file /home/rohan/airflow/dags/project_dag.py for tasks to queue
[2023-05-18T20:25:43.305+0200] {logging_mixin.py:117} INFO - [2023-05-18T20:25:43.305+0200] {dagbag.py:525} INFO - Filling up the DagBag from /home/rohan/airflow/dags/project_dag.py
[2023-05-18T20:25:43.314+0200] {processor.py:768} INFO - DAG(s) dict_keys(['my_first_dag']) retrieved from /home/rohan/airflow/dags/project_dag.py
[2023-05-18T20:25:43.330+0200] {logging_mixin.py:117} INFO - [2023-05-18T20:25:43.330+0200] {dag.py:2573} INFO - Sync 1 DAGs
[2023-05-18T20:25:43.341+0200] {logging_mixin.py:117} INFO - [2023-05-18T20:25:43.341+0200] {dag.py:3324} INFO - Setting next_dagrun for my_first_dag to None, run_after=None
[2023-05-18T20:25:43.360+0200] {processor.py:178} INFO - Processing /home/rohan/airflow/dags/project_dag.py took 0.058 seconds
[2023-05-18T20:25:49.697+0200] {processor.py:156} INFO - Started process (PID=9172) to work on /home/rohan/airflow/dags/project_dag.py
[2023-05-18T20:25:49.698+0200] {processor.py:758} INFO - Processing file /home/rohan/airflow/dags/project_dag.py for tasks to queue
[2023-05-18T20:25:49.698+0200] {logging_mixin.py:117} INFO - [2023-05-18T20:25:49.698+0200] {dagbag.py:525} INFO - Filling up the DagBag from /home/rohan/airflow/dags/project_dag.py
[2023-05-18T20:25:49.708+0200] {processor.py:768} INFO - DAG(s) dict_keys(['my_first_dag']) retrieved from /home/rohan/airflow/dags/project_dag.py
[2023-05-18T20:25:49.719+0200] {logging_mixin.py:117} INFO - [2023-05-18T20:25:49.719+0200] {dag.py:2573} INFO - Sync 1 DAGs
[2023-05-18T20:25:49.731+0200] {logging_mixin.py:117} INFO - [2023-05-18T20:25:49.731+0200] {dag.py:3324} INFO - Setting next_dagrun for my_first_dag to None, run_after=None
[2023-05-18T20:25:49.749+0200] {processor.py:178} INFO - Processing /home/rohan/airflow/dags/project_dag.py took 0.053 seconds
[2023-05-18T20:25:57.958+0200] {processor.py:156} INFO - Started process (PID=9404) to work on /home/rohan/airflow/dags/project_dag.py
[2023-05-18T20:25:57.959+0200] {processor.py:758} INFO - Processing file /home/rohan/airflow/dags/project_dag.py for tasks to queue
[2023-05-18T20:25:57.959+0200] {logging_mixin.py:117} INFO - [2023-05-18T20:25:57.959+0200] {dagbag.py:525} INFO - Filling up the DagBag from /home/rohan/airflow/dags/project_dag.py
[2023-05-18T20:25:57.969+0200] {processor.py:768} INFO - DAG(s) dict_keys(['my_first_dag']) retrieved from /home/rohan/airflow/dags/project_dag.py
[2023-05-18T20:25:57.978+0200] {logging_mixin.py:117} INFO - [2023-05-18T20:25:57.978+0200] {dag.py:2573} INFO - Sync 1 DAGs
[2023-05-18T20:25:57.989+0200] {logging_mixin.py:117} INFO - [2023-05-18T20:25:57.989+0200] {dag.py:3324} INFO - Setting next_dagrun for my_first_dag to None, run_after=None
[2023-05-18T20:25:58.007+0200] {processor.py:178} INFO - Processing /home/rohan/airflow/dags/project_dag.py took 0.052 seconds
[2023-05-18T20:26:08.085+0200] {processor.py:156} INFO - Started process (PID=9416) to work on /home/rohan/airflow/dags/project_dag.py
[2023-05-18T20:26:08.097+0200] {processor.py:758} INFO - Processing file /home/rohan/airflow/dags/project_dag.py for tasks to queue
[2023-05-18T20:26:08.098+0200] {logging_mixin.py:117} INFO - [2023-05-18T20:26:08.097+0200] {dagbag.py:525} INFO - Filling up the DagBag from /home/rohan/airflow/dags/project_dag.py
[2023-05-18T20:26:08.108+0200] {processor.py:768} INFO - DAG(s) dict_keys(['my_first_dag']) retrieved from /home/rohan/airflow/dags/project_dag.py
[2023-05-18T20:26:08.119+0200] {logging_mixin.py:117} INFO - [2023-05-18T20:26:08.119+0200] {dag.py:2573} INFO - Sync 1 DAGs
[2023-05-18T20:26:08.135+0200] {logging_mixin.py:117} INFO - [2023-05-18T20:26:08.135+0200] {dag.py:3324} INFO - Setting next_dagrun for my_first_dag to None, run_after=None
[2023-05-18T20:26:08.170+0200] {processor.py:178} INFO - Processing /home/rohan/airflow/dags/project_dag.py took 0.087 seconds
